This is pdfTeX, Version 3.14159265-2.6-1.40.21 (MiKTeX 20.6.29) (preloaded format=pdflatex 2020.11.24)  4 OCT 2022 17:00
entering extended mode
**./gentrification_supplemental_1.tex
(gentrification_supplemental_1.tex
LaTeX2e <2020-02-02> patch level 5
L3 programming layer <2020-06-18> (C:\Users\mason\AppData\Local\Programs\MiKTeX
\tex/latex/base\article.cls
Document Class: article 2019/12/20 v1.4l Standard LaTeX document class
(C:\Users\mason\AppData\Local\Programs\MiKTeX\tex/latex/base\size10.clo
File: size10.clo 2019/12/20 v1.4l Standard LaTeX file (size option)
)
\c@part=\count167
\c@section=\count168
\c@subsection=\count169
\c@subsubsection=\count170
\c@paragraph=\count171
\c@subparagraph=\count172
\c@figure=\count173
\c@table=\count174
\abovecaptionskip=\skip47
\belowcaptionskip=\skip48
\bibindent=\dimen134
) (C:\Users\mason\AppData\Local\Programs\MiKTeX\tex/latex/amsmath\amsmath.sty
Package: amsmath 2020/01/20 v2.17e AMS math features
\@mathmargin=\skip49
For additional information on amsmath, use the `?' option.
(C:\Users\mason\AppData\Local\Programs\MiKTeX\tex/latex/amsmath\amstext.sty
Package: amstext 2000/06/29 v2.01 AMS text
(C:\Users\mason\AppData\Local\Programs\MiKTeX\tex/latex/amsmath\amsgen.sty
File: amsgen.sty 1999/11/30 v2.0 generic functions
\@emptytoks=\toks15
\ex@=\dimen135
)) (C:\Users\mason\AppData\Local\Programs\MiKTeX\tex/latex/amsmath\amsbsy.sty
Package: amsbsy 1999/11/29 v1.2d Bold Symbols
\pmbraise@=\dimen136
) (C:\Users\mason\AppData\Local\Programs\MiKTeX\tex/latex/amsmath\amsopn.sty
Package: amsopn 2016/03/08 v2.02 operator names
)
\inf@bad=\count175
LaTeX Info: Redefining \frac on input line 227.
\uproot@=\count176
\leftroot@=\count177
LaTeX Info: Redefining \overline on input line 389.
\classnum@=\count178
\DOTSCASE@=\count179
LaTeX Info: Redefining \ldots on input line 486.
LaTeX Info: Redefining \dots on input line 489.
LaTeX Info: Redefining \cdots on input line 610.
\Mathstrutbox@=\box45
\strutbox@=\box46
\big@size=\dimen137
LaTeX Font Info:    Redeclaring font encoding OML on input line 733.
LaTeX Font Info:    Redeclaring font encoding OMS on input line 734.
\macc@depth=\count180
\c@MaxMatrixCols=\count181
\dotsspace@=\muskip16
\c@parentequation=\count182
\dspbrk@lvl=\count183
\tag@help=\toks16
\row@=\count184
\column@=\count185
\maxfields@=\count186
\andhelp@=\toks17
\eqnshift@=\dimen138
\alignsep@=\dimen139
\tagshift@=\dimen140
\tagwidth@=\dimen141
\totwidth@=\dimen142
\lineht@=\dimen143
\@envbody=\toks18
\multlinegap=\skip50
\multlinetaggap=\skip51
\mathdisplay@stack=\toks19
LaTeX Info: Redefining \[ on input line 2859.
LaTeX Info: Redefining \] on input line 2860.
) (C:\Users\mason\AppData\Local\Programs\MiKTeX\tex/latex/amsfonts\amssymb.sty
Package: amssymb 2013/01/14 v3.01 AMS font symbols
(C:\Users\mason\AppData\Local\Programs\MiKTeX\tex/latex/amsfonts\amsfonts.sty
Package: amsfonts 2013/01/14 v3.01 Basic AMSFonts support
\symAMSa=\mathgroup4
\symAMSb=\mathgroup5
LaTeX Font Info:    Redeclaring math symbol \hbar on input line 98.
LaTeX Font Info:    Overwriting math alphabet `\mathfrak' in version `bold'
(Font)                  U/euf/m/n --> U/euf/b/n on input line 106.
)) (C:\Users\mason\AppData\Local\Programs\MiKTeX\tex/latex/lm\lmodern.sty
Package: lmodern 2009/10/30 v1.6 Latin Modern Fonts
LaTeX Font Info:    Overwriting symbol font `operators' in version `normal'
(Font)                  OT1/cmr/m/n --> OT1/lmr/m/n on input line 22.
LaTeX Font Info:    Overwriting symbol font `letters' in version `normal'
(Font)                  OML/cmm/m/it --> OML/lmm/m/it on input line 23.
LaTeX Font Info:    Overwriting symbol font `symbols' in version `normal'
(Font)                  OMS/cmsy/m/n --> OMS/lmsy/m/n on input line 24.
LaTeX Font Info:    Overwriting symbol font `largesymbols' in version `normal'
(Font)                  OMX/cmex/m/n --> OMX/lmex/m/n on input line 25.
LaTeX Font Info:    Overwriting symbol font `operators' in version `bold'
(Font)                  OT1/cmr/bx/n --> OT1/lmr/bx/n on input line 26.
LaTeX Font Info:    Overwriting symbol font `letters' in version `bold'
(Font)                  OML/cmm/b/it --> OML/lmm/b/it on input line 27.
LaTeX Font Info:    Overwriting symbol font `symbols' in version `bold'
(Font)                  OMS/cmsy/b/n --> OMS/lmsy/b/n on input line 28.
LaTeX Font Info:    Overwriting symbol font `largesymbols' in version `bold'
(Font)                  OMX/cmex/m/n --> OMX/lmex/m/n on input line 29.
LaTeX Font Info:    Overwriting math alphabet `\mathbf' in version `normal'
(Font)                  OT1/cmr/bx/n --> OT1/lmr/bx/n on input line 31.
LaTeX Font Info:    Overwriting math alphabet `\mathsf' in version `normal'
(Font)                  OT1/cmss/m/n --> OT1/lmss/m/n on input line 32.
LaTeX Font Info:    Overwriting math alphabet `\mathit' in version `normal'
(Font)                  OT1/cmr/m/it --> OT1/lmr/m/it on input line 33.
LaTeX Font Info:    Overwriting math alphabet `\mathtt' in version `normal'
(Font)                  OT1/cmtt/m/n --> OT1/lmtt/m/n on input line 34.
LaTeX Font Info:    Overwriting math alphabet `\mathbf' in version `bold'
(Font)                  OT1/cmr/bx/n --> OT1/lmr/bx/n on input line 35.
LaTeX Font Info:    Overwriting math alphabet `\mathsf' in version `bold'
(Font)                  OT1/cmss/bx/n --> OT1/lmss/bx/n on input line 36.
LaTeX Font Info:    Overwriting math alphabet `\mathit' in version `bold'
(Font)                  OT1/cmr/bx/it --> OT1/lmr/bx/it on input line 37.
LaTeX Font Info:    Overwriting math alphabet `\mathtt' in version `bold'
(Font)                  OT1/cmtt/m/n --> OT1/lmtt/m/n on input line 38.
) (C:\Users\mason\AppData\Local\Programs\MiKTeX\tex/generic/iftex\iftex.sty
Package: iftex 2020/03/06 v1.0d TeX engine tests
) (C:\Users\mason\AppData\Local\Programs\MiKTeX\tex/latex/base\fontenc.sty
Package: fontenc 2020/02/11 v2.0o Standard LaTeX package
LaTeX Font Info:    Trying to load font information for T1+lmr on input line 11
2.
(C:\Users\mason\AppData\Local\Programs\MiKTeX\tex/latex/lm\t1lmr.fd
File: t1lmr.fd 2009/10/30 v1.6 Font defs for Latin Modern
)) (C:\Users\mason\AppData\Local\Programs\MiKTeX\tex/latex/base\inputenc.sty
Package: inputenc 2018/08/11 v1.3c Input encoding file
\inpenc@prehook=\toks20
\inpenc@posthook=\toks21
) (C:\Users\mason\AppData\Local\Programs\MiKTeX\tex/latex/base\textcomp.sty
Package: textcomp 2020/02/02 v2.0n Standard LaTeX package
) (C:\Users\mason\AppData\Local\Programs\MiKTeX\tex/latex/upquote\upquote.sty
Package: upquote 2012/04/19 v1.3 upright-quote and grave-accent glyphs in verba
tim
)
(C:\Users\mason\AppData\Local\Programs\MiKTeX\tex/latex/microtype\microtype.sty
Package: microtype 2019/11/18 v2.7d Micro-typographical refinements (RS)
(C:\Users\mason\AppData\Local\Programs\MiKTeX\tex/latex/graphics\keyval.sty
Package: keyval 2014/10/28 v1.15 key=value parser (DPC)
\KV@toks@=\toks22
)
\MT@toks=\toks23
\MT@count=\count187
LaTeX Info: Redefining \textls on input line 790.
\MT@outer@kern=\dimen144
LaTeX Info: Redefining \textmicrotypecontext on input line 1354.
\MT@listname@count=\count188

(C:\Users\mason\AppData\Local\Programs\MiKTeX\tex/latex/microtype\microtype-pdf
tex.def
File: microtype-pdftex.def 2019/11/18 v2.7d Definitions specific to pdftex (RS)

LaTeX Info: Redefining \lsstyle on input line 914.
LaTeX Info: Redefining \lslig on input line 914.
\MT@outer@space=\skip52
)
Package microtype Info: Loading configuration file microtype.cfg.

(C:\Users\mason\AppData\Local\Programs\MiKTeX\tex/latex/microtype\microtype.cfg
File: microtype.cfg 2019/11/18 v2.7d microtype main configuration file (RS)
)) (C:\Users\mason\AppData\Local\Programs\MiKTeX\tex/latex/parskip\parskip.sty
Package: parskip 2021-03-14 v2.0h non-zero parskip adjustments

(C:\Users\mason\AppData\Local\Programs\MiKTeX\tex/latex/kvoptions\kvoptions.sty
Package: kvoptions 2020-10-07 v3.14 Key value format for package options (HO)
(C:\Users\mason\AppData\Local\Programs\MiKTeX\tex/generic/ltxcmds\ltxcmds.sty
Package: ltxcmds 2020-05-10 v1.25 LaTeX kernel commands for general use (HO)
)
(C:\Users\mason\AppData\Local\Programs\MiKTeX\tex/generic/kvsetkeys\kvsetkeys.s
ty
Package: kvsetkeys 2019/12/15 v1.18 Key value parser (HO)
)) (C:\Users\mason\AppData\Local\Programs\MiKTeX\tex/latex/etoolbox\etoolbox.st
y
Package: etoolbox 2019/09/21 v2.5h e-TeX tools for LaTeX (JAW)
\etb@tempcnta=\count189
)) (C:\Users\mason\AppData\Local\Programs\MiKTeX\tex/latex/xcolor\xcolor.sty
Package: xcolor 2016/05/11 v2.12 LaTeX color extensions (UK)
(C:\Users\mason\AppData\Local\Programs\MiKTeX\tex/latex/graphics-cfg\color.cfg
File: color.cfg 2016/01/02 v1.6 sample color configuration
)
Package xcolor Info: Driver file: pdftex.def on input line 225.

(C:\Users\mason\AppData\Local\Programs\MiKTeX\tex/latex/graphics-def\pdftex.def
File: pdftex.def 2018/01/08 v1.0l Graphics/color driver for pdftex
)
Package xcolor Info: Model `cmy' substituted by `cmy0' on input line 1348.
Package xcolor Info: Model `hsb' substituted by `rgb' on input line 1352.
Package xcolor Info: Model `RGB' extended on input line 1364.
Package xcolor Info: Model `HTML' substituted by `rgb' on input line 1366.
Package xcolor Info: Model `Hsb' substituted by `hsb' on input line 1367.
Package xcolor Info: Model `tHsb' substituted by `hsb' on input line 1368.
Package xcolor Info: Model `HSB' substituted by `hsb' on input line 1369.
Package xcolor Info: Model `Gray' substituted by `gray' on input line 1370.
Package xcolor Info: Model `wave' substituted by `hsb' on input line 1371.
) (C:\Users\mason\AppData\Local\Programs\MiKTeX\tex/latex/xurl\xurl.sty
Package: xurl 2020/12/30 v 0.09a modify URL breaks
(C:\Users\mason\AppData\Local\Programs\MiKTeX\tex/latex/url\url.sty
\Urlmuskip=\muskip17
Package: url 2013/09/16  ver 3.4  Verb mode for urls, etc.
)) (C:\Users\mason\AppData\Local\Programs\MiKTeX\tex/latex/bookmark\bookmark.st
y
Package: bookmark 2020-11-06 v1.29 PDF bookmarks (HO)
(C:\Users\mason\AppData\Local\Programs\MiKTeX\tex/latex/hyperref\hyperref.sty
Package: hyperref 2020-05-15 v7.00e Hypertext links for LaTeX

(C:\Users\mason\AppData\Local\Programs\MiKTeX\tex/generic/pdftexcmds\pdftexcmds
.sty
Package: pdftexcmds 2020-06-27 v0.33 Utility functions of pdfTeX for LuaTeX (HO
)

(C:\Users\mason\AppData\Local\Programs\MiKTeX\tex/generic/infwarerr\infwarerr.s
ty
Package: infwarerr 2019/12/03 v1.5 Providing info/warning/error messages (HO)
)
Package pdftexcmds Info: \pdf@primitive is available.
Package pdftexcmds Info: \pdf@ifprimitive is available.
Package pdftexcmds Info: \pdfdraftmode found.
)
(C:\Users\mason\AppData\Local\Programs\MiKTeX\tex/generic/kvdefinekeys\kvdefine
keys.sty
Package: kvdefinekeys 2019-12-19 v1.6 Define keys (HO)
)
(C:\Users\mason\AppData\Local\Programs\MiKTeX\tex/generic/pdfescape\pdfescape.s
ty
Package: pdfescape 2019/12/09 v1.15 Implements pdfTeX's escape features (HO)
) (C:\Users\mason\AppData\Local\Programs\MiKTeX\tex/latex/hycolor\hycolor.sty
Package: hycolor 2020-01-27 v1.10 Color options for hyperref/bookmark (HO)
)
(C:\Users\mason\AppData\Local\Programs\MiKTeX\tex/latex/letltxmacro\letltxmacro
.sty
Package: letltxmacro 2019/12/03 v1.6 Let assignment for LaTeX macros (HO)
) (C:\Users\mason\AppData\Local\Programs\MiKTeX\tex/latex/auxhook\auxhook.sty
Package: auxhook 2019-12-17 v1.6 Hooks for auxiliary files (HO)
)
\@linkdim=\dimen145
\Hy@linkcounter=\count190
\Hy@pagecounter=\count191
(C:\Users\mason\AppData\Local\Programs\MiKTeX\tex/latex/hyperref\pd1enc.def
File: pd1enc.def 2020-05-15 v7.00e Hyperref: PDFDocEncoding definition (HO)
Now handling font encoding PD1 ...
... no UTF-8 mapping file for font encoding PD1
) (C:\Users\mason\AppData\Local\Programs\MiKTeX\tex/generic/intcalc\intcalc.sty
Package: intcalc 2019/12/15 v1.3 Expandable calculations with integers (HO)
)
(C:\Users\mason\AppData\Local\Programs\MiKTeX\tex/generic/etexcmds\etexcmds.sty
Package: etexcmds 2019/12/15 v1.7 Avoid name clashes with e-TeX commands (HO)
)
\Hy@SavedSpaceFactor=\count192
Package hyperref Info: Option `unicode' set `true' on input line 4338.
(C:\Users\mason\AppData\Local\Programs\MiKTeX\tex/latex/hyperref\puenc.def
File: puenc.def 2020-05-15 v7.00e Hyperref: PDF Unicode definition (HO)
Now handling font encoding PU ...
... no UTF-8 mapping file for font encoding PU
)
Package hyperref Info: Hyper figures OFF on input line 4464.
Package hyperref Info: Link nesting OFF on input line 4469.
Package hyperref Info: Hyper index ON on input line 4472.
Package hyperref Info: Plain pages OFF on input line 4479.
Package hyperref Info: Backreferencing OFF on input line 4484.
Package hyperref Info: Implicit mode ON; LaTeX internals redefined.
Package hyperref Info: Bookmarks ON on input line 4717.
\c@Hy@tempcnt=\count193
LaTeX Info: Redefining \url on input line 5076.
\XeTeXLinkMargin=\dimen146
(C:\Users\mason\AppData\Local\Programs\MiKTeX\tex/generic/bitset\bitset.sty
Package: bitset 2019/12/09 v1.3 Handle bit-vector datatype (HO)

(C:\Users\mason\AppData\Local\Programs\MiKTeX\tex/generic/bigintcalc\bigintcalc
.sty
Package: bigintcalc 2019/12/15 v1.5 Expandable calculations on big integers (HO
)
))
\Fld@menulength=\count194
\Field@Width=\dimen147
\Fld@charsize=\dimen148
Package hyperref Info: Hyper figures OFF on input line 6347.
Package hyperref Info: Link nesting OFF on input line 6352.
Package hyperref Info: Hyper index ON on input line 6355.
Package hyperref Info: backreferencing OFF on input line 6362.
Package hyperref Info: Link coloring OFF on input line 6367.
Package hyperref Info: Link coloring with OCG OFF on input line 6372.
Package hyperref Info: PDF/A mode OFF on input line 6377.
LaTeX Info: Redefining \ref on input line 6417.
LaTeX Info: Redefining \pageref on input line 6421.

(C:\Users\mason\AppData\Local\Programs\MiKTeX\tex/generic/atbegshi\atbegshi.sty
Package: atbegshi 2019/12/05 v1.19 At begin shipout hook (HO)
)
\Hy@abspage=\count195
\c@Item=\count196
\c@Hfootnote=\count197
)
Package hyperref Info: Driver (autodetected): hpdftex.
(C:\Users\mason\AppData\Local\Programs\MiKTeX\tex/latex/hyperref\hpdftex.def
File: hpdftex.def 2020-05-15 v7.00e Hyperref driver for pdfTeX

(C:\Users\mason\AppData\Local\Programs\MiKTeX\tex/latex/atveryend\atveryend.sty
Package: atveryend 2019-12-11 v1.11 Hooks at the very end of document (HO)
)
\Fld@listcount=\count198
\c@bookmark@seq@number=\count199

(C:\Users\mason\AppData\Local\Programs\MiKTeX\tex/latex/rerunfilecheck\rerunfil
echeck.sty
Package: rerunfilecheck 2019/12/05 v1.9 Rerun checks for auxiliary files (HO)

(C:\Users\mason\AppData\Local\Programs\MiKTeX\tex/generic/uniquecounter\uniquec
ounter.sty
Package: uniquecounter 2019/12/15 v1.4 Provide unlimited unique counter (HO)
)
Package uniquecounter Info: New unique counter `rerunfilecheck' on input line 2
86.
)
\Hy@SectionHShift=\skip53
)
(C:\Users\mason\AppData\Local\Programs\MiKTeX\tex/latex/bookmark\bkm-pdftex-201
9-12-03.def
File: bkm-pdftex.def 2019/12/03 v1.28 bookmark driver for pdfTeX (HO)
\BKM@id=\count266
)) (C:\Users\mason\AppData\Local\Programs\MiKTeX\tex/latex/geometry\geometry.st
y
Package: geometry 2020/01/02 v5.9 Page Geometry
(C:\Users\mason\AppData\Local\Programs\MiKTeX\tex/generic/iftex\ifvtex.sty
Package: ifvtex 2019/10/25 v1.7 ifvtex legacy package. Use iftex instead.
)
\Gm@cnth=\count267
\Gm@cntv=\count268
\c@Gm@tempcnt=\count269
\Gm@bindingoffset=\dimen149
\Gm@wd@mp=\dimen150
\Gm@odd@mp=\dimen151
\Gm@even@mp=\dimen152
\Gm@layoutwidth=\dimen153
\Gm@layoutheight=\dimen154
\Gm@layouthoffset=\dimen155
\Gm@layoutvoffset=\dimen156
\Gm@dimlist=\toks24
(C:\Users\mason\AppData\Local\Programs\MiKTeX\tex/latex/geometry\geometry.cfg))
(C:\Users\mason\AppData\Local\Programs\MiKTeX\tex/latex/graphics\graphicx.sty
Package: graphicx 2019/11/30 v1.2a Enhanced LaTeX Graphics (DPC,SPQR)
(C:\Users\mason\AppData\Local\Programs\MiKTeX\tex/latex/graphics\graphics.sty
Package: graphics 2019/11/30 v1.4a Standard LaTeX Graphics (DPC,SPQR)
(C:\Users\mason\AppData\Local\Programs\MiKTeX\tex/latex/graphics\trig.sty
Package: trig 2016/01/03 v1.10 sin cos tan (DPC)
)
(C:\Users\mason\AppData\Local\Programs\MiKTeX\tex/latex/graphics-cfg\graphics.c
fg
File: graphics.cfg 2016/06/04 v1.11 sample graphics configuration
)
Package graphics Info: Driver file: pdftex.def on input line 105.
)
\Gin@req@height=\dimen157
\Gin@req@width=\dimen158
) (C:\Users\mason\AppData\Local\Programs\MiKTeX\tex/latex/tools\bm.sty
Package: bm 2019/07/24 v1.2d Bold Symbol Support (DPC/FMi)
\symboldoperators=\mathgroup6
\symboldletters=\mathgroup7
\symboldsymbols=\mathgroup8
LaTeX Font Info:    Redeclaring math alphabet \mathbf on input line 141.
LaTeX Info: Redefining \bm on input line 209.
)
(C:\Users\mason\AppData\Local\Programs\MiKTeX\tex/latex/l3backend\l3backend-pdf
mode.def
File: l3backend-pdfmode.def 2020-06-29 L3 backend support: PDF mode
\l__kernel_color_stack_int=\count270
\l__pdf_internal_box=\box47
)

LaTeX Warning: Unused global option(s):
    [a3paper].

(gentrification_supplemental_1.aux)
\openout1 = `gentrification_supplemental_1.aux'.

LaTeX Font Info:    Checking defaults for OML/cmm/m/it on input line 71.
LaTeX Font Info:    ... okay on input line 71.
LaTeX Font Info:    Checking defaults for OMS/cmsy/m/n on input line 71.
LaTeX Font Info:    ... okay on input line 71.
LaTeX Font Info:    Checking defaults for OT1/cmr/m/n on input line 71.
LaTeX Font Info:    ... okay on input line 71.
LaTeX Font Info:    Checking defaults for T1/cmr/m/n on input line 71.
LaTeX Font Info:    ... okay on input line 71.
LaTeX Font Info:    Checking defaults for TS1/cmr/m/n on input line 71.
LaTeX Font Info:    ... okay on input line 71.
LaTeX Font Info:    Checking defaults for OMX/cmex/m/n on input line 71.
LaTeX Font Info:    ... okay on input line 71.
LaTeX Font Info:    Checking defaults for U/cmr/m/n on input line 71.
LaTeX Font Info:    ... okay on input line 71.
LaTeX Font Info:    Checking defaults for PD1/pdf/m/n on input line 71.
LaTeX Font Info:    ... okay on input line 71.
LaTeX Font Info:    Checking defaults for PU/pdf/m/n on input line 71.
LaTeX Font Info:    ... okay on input line 71.
LaTeX Info: Redefining \microtypecontext on input line 71.
Package microtype Info: Generating PDF output.
Package microtype Info: Character protrusion enabled (level 2).
Package microtype Info: Using protrusion set `basicmath'.
Package microtype Info: Automatic font expansion enabled (level 2),
(microtype)             stretch: 20, shrink: 20, step: 1, non-selected.
Package microtype Info: Using default expansion set `basictext'.
LaTeX Info: Redefining \showhyphens on input line 71.
Package microtype Info: No adjustment of tracking.
Package microtype Info: No adjustment of interword spacing.
Package microtype Info: No adjustment of character kerning.
(C:\Users\mason\AppData\Local\Programs\MiKTeX\tex/latex/microtype\mt-cmr.cfg
File: mt-cmr.cfg 2013/05/19 v2.2 microtype config. file: Computer Modern Roman 
(RS)
)
(C:\Users\mason\AppData\Local\Programs\MiKTeX\tex/context/base/mkii\supp-pdf.mk
ii
[Loading MPS to PDF converter (version 2006.09.02).]
\scratchcounter=\count271
\scratchdimen=\dimen159
\scratchbox=\box48
\nofMPsegments=\count272
\nofMParguments=\count273
\everyMPshowfont=\toks25
\MPscratchCnt=\count274
\MPscratchDim=\dimen160
\MPnumerator=\count275
\makeMPintoPDFobject=\count276
\everyMPtoPDFconversion=\toks26
)
(C:\Users\mason\AppData\Local\Programs\MiKTeX\tex/latex/epstopdf-pkg\epstopdf-b
ase.sty
Package: epstopdf-base 2020-01-24 v2.11 Base part for package epstopdf
Package epstopdf-base Info: Redefining graphics rule for `.eps' on input line 4
85.
)
\AtBeginShipoutBox=\box49
Package hyperref Info: Link coloring OFF on input line 71.
(C:\Users\mason\AppData\Local\Programs\MiKTeX\tex/latex/hyperref\nameref.sty
Package: nameref 2019/09/16 v2.46 Cross-referencing by name of section
(C:\Users\mason\AppData\Local\Programs\MiKTeX\tex/latex/refcount\refcount.sty
Package: refcount 2019/12/15 v3.6 Data extraction from label references (HO)
)
(C:\Users\mason\AppData\Local\Programs\MiKTeX\tex/generic/gettitlestring\gettit
lestring.sty
Package: gettitlestring 2019/12/15 v1.6 Cleanup title references (HO)
)
\c@section@level=\count277
)
LaTeX Info: Redefining \ref on input line 71.
LaTeX Info: Redefining \pageref on input line 71.
LaTeX Info: Redefining \nameref on input line 71.
*geometry* driver: auto-detecting
*geometry* detected driver: pdftex
*geometry* verbose mode - [ preamble ] result:
* driver: pdftex
* paper: a3paper
* layout: <same size as paper>
* layoutoffset:(h,v)=(0.0pt,0.0pt)
* modes: 
* h-part:(L,W,R)=(72.26999pt, 700.50687pt, 72.26999pt)
* v-part:(T,H,B)=(72.26999pt, 1050.47577pt, 72.26999pt)
* \paperwidth=845.04684pt
* \paperheight=1195.01575pt
* \textwidth=700.50687pt
* \textheight=1050.47577pt
* \oddsidemargin=0.0pt
* \evensidemargin=0.0pt
* \topmargin=-37.0pt
* \headheight=12.0pt
* \headsep=25.0pt
* \topskip=10.0pt
* \footskip=30.0pt
* \marginparwidth=65.0pt
* \marginparsep=11.0pt
* \columnsep=10.0pt
* \skip\footins=9.0pt plus 4.0pt minus 2.0pt
* \hoffset=0.0pt
* \voffset=0.0pt
* \mag=1000
* \@twocolumnfalse
* \@twosidefalse
* \@mparswitchfalse
* \@reversemarginfalse
* (1in=72.27pt=25.4mm, 1cm=28.453pt)

LaTeX Font Info:    Trying to load font information for OT1+lmr on input line 7
3.
(C:\Users\mason\AppData\Local\Programs\MiKTeX\tex/latex/lm\ot1lmr.fd
File: ot1lmr.fd 2009/10/30 v1.6 Font defs for Latin Modern
)
LaTeX Font Info:    Trying to load font information for OML+lmm on input line 7
3.
(C:\Users\mason\AppData\Local\Programs\MiKTeX\tex/latex/lm\omllmm.fd
File: omllmm.fd 2009/10/30 v1.6 Font defs for Latin Modern
)
LaTeX Font Info:    Trying to load font information for OMS+lmsy on input line 
73.
(C:\Users\mason\AppData\Local\Programs\MiKTeX\tex/latex/lm\omslmsy.fd
File: omslmsy.fd 2009/10/30 v1.6 Font defs for Latin Modern
)
LaTeX Font Info:    Trying to load font information for OMX+lmex on input line 
73.
(C:\Users\mason\AppData\Local\Programs\MiKTeX\tex/latex/lm\omxlmex.fd
File: omxlmex.fd 2009/10/30 v1.6 Font defs for Latin Modern
)
LaTeX Font Info:    External font `lmex10' loaded for size
(Font)              <12> on input line 73.
LaTeX Font Info:    External font `lmex10' loaded for size
(Font)              <8> on input line 73.
LaTeX Font Info:    External font `lmex10' loaded for size
(Font)              <6> on input line 73.
LaTeX Font Info:    Trying to load font information for U+msa on input line 73.

(C:\Users\mason\AppData\Local\Programs\MiKTeX\tex/latex/amsfonts\umsa.fd
File: umsa.fd 2013/01/14 v3.01 AMS symbols A
) (C:\Users\mason\AppData\Local\Programs\MiKTeX\tex/latex/microtype\mt-msa.cfg
File: mt-msa.cfg 2006/02/04 v1.1 microtype config. file: AMS symbols (a) (RS)
)
LaTeX Font Info:    Trying to load font information for U+msb on input line 73.

(C:\Users\mason\AppData\Local\Programs\MiKTeX\tex/latex/amsfonts\umsb.fd
File: umsb.fd 2013/01/14 v3.01 AMS symbols B
) (C:\Users\mason\AppData\Local\Programs\MiKTeX\tex/latex/microtype\mt-msb.cfg
File: mt-msb.cfg 2005/06/01 v1.0 microtype config. file: AMS symbols (b) (RS)
)
<gentrification_supplemental_1_files/figure-latex/read_data-1.pdf, id=3, 469.75
5pt x 325.215pt>
File: gentrification_supplemental_1_files/figure-latex/read_data-1.pdf Graphic 
file (type pdf)
<use gentrification_supplemental_1_files/figure-latex/read_data-1.pdf>
Package pdftex.def Info: gentrification_supplemental_1_files/figure-latex/read_
data-1.pdf  used on input line 74.
(pdftex.def)             Requested size: 469.75386pt x 325.2142pt.
<gentrification_supplemental_1_files/figure-latex/read_data-2.pdf, id=4, 469.75
5pt x 325.215pt>
File: gentrification_supplemental_1_files/figure-latex/read_data-2.pdf Graphic 
file (type pdf)
<use gentrification_supplemental_1_files/figure-latex/read_data-2.pdf>
Package pdftex.def Info: gentrification_supplemental_1_files/figure-latex/read_
data-2.pdf  used on input line 75.
(pdftex.def)             Requested size: 469.75386pt x 325.2142pt.
<gentrification_supplemental_1_files/figure-latex/read_data-3.pdf, id=5, 469.75
5pt x 325.215pt>
File: gentrification_supplemental_1_files/figure-latex/read_data-3.pdf Graphic 
file (type pdf)
<use gentrification_supplemental_1_files/figure-latex/read_data-3.pdf>
Package pdftex.def Info: gentrification_supplemental_1_files/figure-latex/read_
data-3.pdf  used on input line 76.
(pdftex.def)             Requested size: 469.75386pt x 325.2142pt.
<gentrification_supplemental_1_files/figure-latex/read_data-4.pdf, id=6, 469.75
5pt x 325.215pt>
File: gentrification_supplemental_1_files/figure-latex/read_data-4.pdf Graphic 
file (type pdf)
<use gentrification_supplemental_1_files/figure-latex/read_data-4.pdf>
Package pdftex.def Info: gentrification_supplemental_1_files/figure-latex/read_
data-4.pdf  used on input line 77.
(pdftex.def)             Requested size: 469.75386pt x 325.2142pt.
<gentrification_supplemental_1_files/figure-latex/read_data-5.pdf, id=7, 469.75
5pt x 325.215pt>
File: gentrification_supplemental_1_files/figure-latex/read_data-5.pdf Graphic 
file (type pdf)
<use gentrification_supplemental_1_files/figure-latex/read_data-5.pdf>
Package pdftex.def Info: gentrification_supplemental_1_files/figure-latex/read_
data-5.pdf  used on input line 78.
(pdftex.def)             Requested size: 469.75386pt x 325.2142pt.
<gentrification_supplemental_1_files/figure-latex/read_data-6.pdf, id=8, 469.75
5pt x 325.215pt>
File: gentrification_supplemental_1_files/figure-latex/read_data-6.pdf Graphic 
file (type pdf)
<use gentrification_supplemental_1_files/figure-latex/read_data-6.pdf>
Package pdftex.def Info: gentrification_supplemental_1_files/figure-latex/read_
data-6.pdf  used on input line 79.
(pdftex.def)             Requested size: 469.75386pt x 325.2142pt.
<gentrification_supplemental_1_files/figure-latex/read_data-7.pdf, id=9, 469.75
5pt x 325.215pt>
File: gentrification_supplemental_1_files/figure-latex/read_data-7.pdf Graphic 
file (type pdf)
<use gentrification_supplemental_1_files/figure-latex/read_data-7.pdf>
Package pdftex.def Info: gentrification_supplemental_1_files/figure-latex/read_
data-7.pdf  used on input line 80.
(pdftex.def)             Requested size: 469.75386pt x 325.2142pt.
<gentrification_supplemental_1_files/figure-latex/read_data-8.pdf, id=10, 469.7
55pt x 325.215pt>
File: gentrification_supplemental_1_files/figure-latex/read_data-8.pdf Graphic 
file (type pdf)
<use gentrification_supplemental_1_files/figure-latex/read_data-8.pdf>
Package pdftex.def Info: gentrification_supplemental_1_files/figure-latex/read_
data-8.pdf  used on input line 81.
(pdftex.def)             Requested size: 469.75386pt x 325.2142pt.
<gentrification_supplemental_1_files/figure-latex/read_data-9.pdf, id=11, 469.7
55pt x 325.215pt>
File: gentrification_supplemental_1_files/figure-latex/read_data-9.pdf Graphic 
file (type pdf)
<use gentrification_supplemental_1_files/figure-latex/read_data-9.pdf>
Package pdftex.def Info: gentrification_supplemental_1_files/figure-latex/read_
data-9.pdf  used on input line 82.
(pdftex.def)             Requested size: 469.75386pt x 325.2142pt.
<gentrification_supplemental_1_files/figure-latex/read_data-10.pdf, id=12, 469.
755pt x 325.215pt>
File: gentrification_supplemental_1_files/figure-latex/read_data-10.pdf Graphic
 file (type pdf)
<use gentrification_supplemental_1_files/figure-latex/read_data-10.pdf>
Package pdftex.def Info: gentrification_supplemental_1_files/figure-latex/read_
data-10.pdf  used on input line 83.
(pdftex.def)             Requested size: 469.75386pt x 325.2142pt.
<gentrification_supplemental_1_files/figure-latex/read_data-11.pdf, id=13, 469.
755pt x 325.215pt>
File: gentrification_supplemental_1_files/figure-latex/read_data-11.pdf Graphic
 file (type pdf)
<use gentrification_supplemental_1_files/figure-latex/read_data-11.pdf>
Package pdftex.def Info: gentrification_supplemental_1_files/figure-latex/read_
data-11.pdf  used on input line 84.
(pdftex.def)             Requested size: 469.75386pt x 325.2142pt.
<gentrification_supplemental_1_files/figure-latex/read_data-12.pdf, id=14, 469.
755pt x 325.215pt>
File: gentrification_supplemental_1_files/figure-latex/read_data-12.pdf Graphic
 file (type pdf)
<use gentrification_supplemental_1_files/figure-latex/read_data-12.pdf>
Package pdftex.def Info: gentrification_supplemental_1_files/figure-latex/read_
data-12.pdf  used on input line 85.
(pdftex.def)             Requested size: 469.75386pt x 325.2142pt.
<gentrification_supplemental_1_files/figure-latex/read_data-13.pdf, id=15, 469.
755pt x 325.215pt>
File: gentrification_supplemental_1_files/figure-latex/read_data-13.pdf Graphic
 file (type pdf)
<use gentrification_supplemental_1_files/figure-latex/read_data-13.pdf>
Package pdftex.def Info: gentrification_supplemental_1_files/figure-latex/read_
data-13.pdf  used on input line 86.
(pdftex.def)             Requested size: 469.75386pt x 325.2142pt.
<gentrification_supplemental_1_files/figure-latex/read_data-14.pdf, id=16, 469.
755pt x 325.215pt>
File: gentrification_supplemental_1_files/figure-latex/read_data-14.pdf Graphic
 file (type pdf)
<use gentrification_supplemental_1_files/figure-latex/read_data-14.pdf>
Package pdftex.def Info: gentrification_supplemental_1_files/figure-latex/read_
data-14.pdf  used on input line 87.
(pdftex.def)             Requested size: 469.75386pt x 325.2142pt.
<gentrification_supplemental_1_files/figure-latex/read_data-15.pdf, id=17, 469.
755pt x 325.215pt>
File: gentrification_supplemental_1_files/figure-latex/read_data-15.pdf Graphic
 file (type pdf)
<use gentrification_supplemental_1_files/figure-latex/read_data-15.pdf>
Package pdftex.def Info: gentrification_supplemental_1_files/figure-latex/read_
data-15.pdf  used on input line 88.
(pdftex.def)             Requested size: 469.75386pt x 325.2142pt.
<gentrification_supplemental_1_files/figure-latex/read_data-16.pdf, id=18, 469.
755pt x 325.215pt>
File: gentrification_supplemental_1_files/figure-latex/read_data-16.pdf Graphic
 file (type pdf)
<use gentrification_supplemental_1_files/figure-latex/read_data-16.pdf>
Package pdftex.def Info: gentrification_supplemental_1_files/figure-latex/read_
data-16.pdf  used on input line 89.
(pdftex.def)             Requested size: 469.75386pt x 325.2142pt.
<gentrification_supplemental_1_files/figure-latex/read_data-17.pdf, id=19, 469.
755pt x 325.215pt>
File: gentrification_supplemental_1_files/figure-latex/read_data-17.pdf Graphic
 file (type pdf)
<use gentrification_supplemental_1_files/figure-latex/read_data-17.pdf>
Package pdftex.def Info: gentrification_supplemental_1_files/figure-latex/read_
data-17.pdf  used on input line 90.
(pdftex.def)             Requested size: 469.75386pt x 325.2142pt.
<gentrification_supplemental_1_files/figure-latex/read_data-18.pdf, id=20, 469.
755pt x 325.215pt>
File: gentrification_supplemental_1_files/figure-latex/read_data-18.pdf Graphic
 file (type pdf)
<use gentrification_supplemental_1_files/figure-latex/read_data-18.pdf>
Package pdftex.def Info: gentrification_supplemental_1_files/figure-latex/read_
data-18.pdf  used on input line 91.
(pdftex.def)             Requested size: 469.75386pt x 325.2142pt.
<gentrification_supplemental_1_files/figure-latex/read_data-19.pdf, id=21, 469.
755pt x 325.215pt>
File: gentrification_supplemental_1_files/figure-latex/read_data-19.pdf Graphic
 file (type pdf)
<use gentrification_supplemental_1_files/figure-latex/read_data-19.pdf>
Package pdftex.def Info: gentrification_supplemental_1_files/figure-latex/read_
data-19.pdf  used on input line 92.
(pdftex.def)             Requested size: 469.75386pt x 325.2142pt.
<gentrification_supplemental_1_files/figure-latex/read_data-20.pdf, id=22, 469.
755pt x 325.215pt>
File: gentrification_supplemental_1_files/figure-latex/read_data-20.pdf Graphic
 file (type pdf)
<use gentrification_supplemental_1_files/figure-latex/read_data-20.pdf>
Package pdftex.def Info: gentrification_supplemental_1_files/figure-latex/read_
data-20.pdf  used on input line 93.
(pdftex.def)             Requested size: 469.75386pt x 325.2142pt.
<gentrification_supplemental_1_files/figure-latex/read_data-21.pdf, id=23, 469.
755pt x 325.215pt>
File: gentrification_supplemental_1_files/figure-latex/read_data-21.pdf Graphic
 file (type pdf)
<use gentrification_supplemental_1_files/figure-latex/read_data-21.pdf>
Package pdftex.def Info: gentrification_supplemental_1_files/figure-latex/read_
data-21.pdf  used on input line 94.
(pdftex.def)             Requested size: 469.75386pt x 325.2142pt.
<gentrification_supplemental_1_files/figure-latex/read_data-22.pdf, id=24, 469.
755pt x 325.215pt>
File: gentrification_supplemental_1_files/figure-latex/read_data-22.pdf Graphic
 file (type pdf)
<use gentrification_supplemental_1_files/figure-latex/read_data-22.pdf>
Package pdftex.def Info: gentrification_supplemental_1_files/figure-latex/read_
data-22.pdf  used on input line 95.
(pdftex.def)             Requested size: 469.75386pt x 325.2142pt.
<gentrification_supplemental_1_files/figure-latex/read_data-23.pdf, id=25, 469.
755pt x 325.215pt>
File: gentrification_supplemental_1_files/figure-latex/read_data-23.pdf Graphic
 file (type pdf)
<use gentrification_supplemental_1_files/figure-latex/read_data-23.pdf>
Package pdftex.def Info: gentrification_supplemental_1_files/figure-latex/read_
data-23.pdf  used on input line 96.
(pdftex.def)             Requested size: 469.75386pt x 325.2142pt.

Overfull \hbox (241.22307pt too wide) in paragraph at lines 74--97
[][] []
 []


Overfull \hbox (241.22307pt too wide) in paragraph at lines 74--97
[] []
 []


Overfull \hbox (241.22307pt too wide) in paragraph at lines 74--97
[] []
 []


Overfull \hbox (241.22307pt too wide) in paragraph at lines 74--97
[] []
 []


Overfull \hbox (241.22307pt too wide) in paragraph at lines 74--97
[] []
 []


Overfull \hbox (241.22307pt too wide) in paragraph at lines 74--97
[] []
 []


Overfull \hbox (241.22307pt too wide) in paragraph at lines 74--97
[] []
 []


Overfull \hbox (241.22307pt too wide) in paragraph at lines 74--97
[] []
 []


Overfull \hbox (241.22307pt too wide) in paragraph at lines 74--97
[] []
 []


Overfull \hbox (241.22307pt too wide) in paragraph at lines 74--97
[] []
 []


Overfull \hbox (241.22307pt too wide) in paragraph at lines 74--97
[] []
 []

[1

{C:/Users/mason/AppData/Local/MiKTeX/pdftex/config/pdftex.map} <./gentrificatio
n_supplemental_1_files/figure-latex/read_data-1.pdf> <./gentrification_suppleme
ntal_1_files/figure-latex/read_data-2.pdf> <./gentrification_supplemental_1_fil
es/figure-latex/read_data-3.pdf> <./gentrification_supplemental_1_files/figure-
latex/read_data-4.pdf>] [2 <./gentrification_supplemental_1_files/figure-latex/
read_data-5.pdf> <./gentrification_supplemental_1_files/figure-latex/read_data-
6.pdf> <./gentrification_supplemental_1_files/figure-latex/read_data-7.pdf> <./
gentrification_supplemental_1_files/figure-latex/read_data-8.pdf> <./gentrifica
tion_supplemental_1_files/figure-latex/read_data-9.pdf> <./gentrification_suppl
emental_1_files/figure-latex/read_data-10.pdf>] [3 <./gentrification_supplement
al_1_files/figure-latex/read_data-11.pdf> <./gentrification_supplemental_1_file
s/figure-latex/read_data-12.pdf> <./gentrification_supplemental_1_files/figure-
latex/read_data-13.pdf> <./gentrification_supplemental_1_files/figure-latex/rea
d_data-14.pdf> <./gentrification_supplemental_1_files/figure-latex/read_data-15
.pdf> <./gentrification_supplemental_1_files/figure-latex/read_data-16.pdf>]
Package atveryend Info: Empty hook `BeforeClearDocument' on input line 98.
[4 <./gentrification_supplemental_1_files/figure-latex/read_data-17.pdf> <./gen
trification_supplemental_1_files/figure-latex/read_data-18.pdf> <./gentrificati
on_supplemental_1_files/figure-latex/read_data-19.pdf> <./gentrification_supple
mental_1_files/figure-latex/read_data-20.pdf> <./gentrification_supplemental_1_
files/figure-latex/read_data-21.pdf> <./gentrification_supplemental_1_files/fig
ure-latex/read_data-22.pdf>] [5 <./gentrification_supplemental_1_files/figure-l
atex/read_data-23.pdf>]
Package atveryend Info: Empty hook `AfterLastShipout' on input line 98.
(gentrification_supplemental_1.aux)
Package atveryend Info: Executing hook `AtVeryEndDocument' on input line 98.
Package atveryend Info: Empty hook `AtEndAfterFileList' on input line 98.
 ) 
Here is how much of TeX's memory you used:
 12982 strings out of 480790
 199012 string characters out of 2897300
 475396 words of memory out of 3000000
 28749 multiletter control sequences out of 15000+200000
 565088 words of font info for 60 fonts, out of 3000000 for 9000
 1141 hyphenation exceptions out of 8191
 44i,6n,42p,830b,327s stack positions out of 5000i,500n,10000p,200000b,50000s
{C:/Users/mason/AppData/Local/Programs/MiKTeX/fonts/enc/dvips/lm/lm-ec.enc}<C
:/Users/mason/AppData/Local/Programs/MiKTeX/fonts/type1/public/lm/lmr10.pfb><C:
/Users/mason/AppData/Local/Programs/MiKTeX/fonts/type1/public/lm/lmr12.pfb><C:/
Users/mason/AppData/Local/Programs/MiKTeX/fonts/type1/public/lm/lmr17.pfb>
Output written on gentrification_supplemental_1.pdf (5 pages, 1381723 bytes).
PDF statistics:
 293 PDF objects out of 1000 (max. 8388607)
 6 named destinations out of 1000 (max. 500000)
 8308 words of extra memory for PDF output out of 10000 (max. 10000000)

