This is pdfTeX, Version 3.14159265-2.6-1.40.21 (MiKTeX 20.6.29) (preloaded format=pdflatex 2020.11.24)  25 AUG 2023 11:12
entering extended mode
**./longshot.tex
(longshot.tex
LaTeX2e <2020-02-02> patch level 5
L3 programming layer <2020-06-18> (C:\Users\mason\AppData\Local\Programs\MiKTeX
\tex/latex/base\article.cls
Document Class: article 2019/12/20 v1.4l Standard LaTeX document class
(C:\Users\mason\AppData\Local\Programs\MiKTeX\tex/latex/base\size10.clo
File: size10.clo 2019/12/20 v1.4l Standard LaTeX file (size option)
)
\c@part=\count167
\c@section=\count168
\c@subsection=\count169
\c@subsubsection=\count170
\c@paragraph=\count171
\c@subparagraph=\count172
\c@figure=\count173
\c@table=\count174
\abovecaptionskip=\skip47
\belowcaptionskip=\skip48
\bibindent=\dimen134
) (C:\Users\mason\AppData\Local\Programs\MiKTeX\tex/latex/amsmath\amsmath.sty
Package: amsmath 2020/01/20 v2.17e AMS math features
\@mathmargin=\skip49
For additional information on amsmath, use the `?' option.
(C:\Users\mason\AppData\Local\Programs\MiKTeX\tex/latex/amsmath\amstext.sty
Package: amstext 2000/06/29 v2.01 AMS text
(C:\Users\mason\AppData\Local\Programs\MiKTeX\tex/latex/amsmath\amsgen.sty
File: amsgen.sty 1999/11/30 v2.0 generic functions
\@emptytoks=\toks15
\ex@=\dimen135
)) (C:\Users\mason\AppData\Local\Programs\MiKTeX\tex/latex/amsmath\amsbsy.sty
Package: amsbsy 1999/11/29 v1.2d Bold Symbols
\pmbraise@=\dimen136
) (C:\Users\mason\AppData\Local\Programs\MiKTeX\tex/latex/amsmath\amsopn.sty
Package: amsopn 2016/03/08 v2.02 operator names
)
\inf@bad=\count175
LaTeX Info: Redefining \frac on input line 227.
\uproot@=\count176
\leftroot@=\count177
LaTeX Info: Redefining \overline on input line 389.
\classnum@=\count178
\DOTSCASE@=\count179
LaTeX Info: Redefining \ldots on input line 486.
LaTeX Info: Redefining \dots on input line 489.
LaTeX Info: Redefining \cdots on input line 610.
\Mathstrutbox@=\box45
\strutbox@=\box46
\big@size=\dimen137
LaTeX Font Info:    Redeclaring font encoding OML on input line 733.
LaTeX Font Info:    Redeclaring font encoding OMS on input line 734.
\macc@depth=\count180
\c@MaxMatrixCols=\count181
\dotsspace@=\muskip16
\c@parentequation=\count182
\dspbrk@lvl=\count183
\tag@help=\toks16
\row@=\count184
\column@=\count185
\maxfields@=\count186
\andhelp@=\toks17
\eqnshift@=\dimen138
\alignsep@=\dimen139
\tagshift@=\dimen140
\tagwidth@=\dimen141
\totwidth@=\dimen142
\lineht@=\dimen143
\@envbody=\toks18
\multlinegap=\skip50
\multlinetaggap=\skip51
\mathdisplay@stack=\toks19
LaTeX Info: Redefining \[ on input line 2859.
LaTeX Info: Redefining \] on input line 2860.
) (C:\Users\mason\AppData\Local\Programs\MiKTeX\tex/latex/amsfonts\amssymb.sty
Package: amssymb 2013/01/14 v3.01 AMS font symbols
(C:\Users\mason\AppData\Local\Programs\MiKTeX\tex/latex/amsfonts\amsfonts.sty
Package: amsfonts 2013/01/14 v3.01 Basic AMSFonts support
\symAMSa=\mathgroup4
\symAMSb=\mathgroup5
LaTeX Font Info:    Redeclaring math symbol \hbar on input line 98.
LaTeX Font Info:    Overwriting math alphabet `\mathfrak' in version `bold'
(Font)                  U/euf/m/n --> U/euf/b/n on input line 106.
)) (C:\Users\mason\AppData\Local\Programs\MiKTeX\tex/latex/lm\lmodern.sty
Package: lmodern 2009/10/30 v1.6 Latin Modern Fonts
LaTeX Font Info:    Overwriting symbol font `operators' in version `normal'
(Font)                  OT1/cmr/m/n --> OT1/lmr/m/n on input line 22.
LaTeX Font Info:    Overwriting symbol font `letters' in version `normal'
(Font)                  OML/cmm/m/it --> OML/lmm/m/it on input line 23.
LaTeX Font Info:    Overwriting symbol font `symbols' in version `normal'
(Font)                  OMS/cmsy/m/n --> OMS/lmsy/m/n on input line 24.
LaTeX Font Info:    Overwriting symbol font `largesymbols' in version `normal'
(Font)                  OMX/cmex/m/n --> OMX/lmex/m/n on input line 25.
LaTeX Font Info:    Overwriting symbol font `operators' in version `bold'
(Font)                  OT1/cmr/bx/n --> OT1/lmr/bx/n on input line 26.
LaTeX Font Info:    Overwriting symbol font `letters' in version `bold'
(Font)                  OML/cmm/b/it --> OML/lmm/b/it on input line 27.
LaTeX Font Info:    Overwriting symbol font `symbols' in version `bold'
(Font)                  OMS/cmsy/b/n --> OMS/lmsy/b/n on input line 28.
LaTeX Font Info:    Overwriting symbol font `largesymbols' in version `bold'
(Font)                  OMX/cmex/m/n --> OMX/lmex/m/n on input line 29.
LaTeX Font Info:    Overwriting math alphabet `\mathbf' in version `normal'
(Font)                  OT1/cmr/bx/n --> OT1/lmr/bx/n on input line 31.
LaTeX Font Info:    Overwriting math alphabet `\mathsf' in version `normal'
(Font)                  OT1/cmss/m/n --> OT1/lmss/m/n on input line 32.
LaTeX Font Info:    Overwriting math alphabet `\mathit' in version `normal'
(Font)                  OT1/cmr/m/it --> OT1/lmr/m/it on input line 33.
LaTeX Font Info:    Overwriting math alphabet `\mathtt' in version `normal'
(Font)                  OT1/cmtt/m/n --> OT1/lmtt/m/n on input line 34.
LaTeX Font Info:    Overwriting math alphabet `\mathbf' in version `bold'
(Font)                  OT1/cmr/bx/n --> OT1/lmr/bx/n on input line 35.
LaTeX Font Info:    Overwriting math alphabet `\mathsf' in version `bold'
(Font)                  OT1/cmss/bx/n --> OT1/lmss/bx/n on input line 36.
LaTeX Font Info:    Overwriting math alphabet `\mathit' in version `bold'
(Font)                  OT1/cmr/bx/it --> OT1/lmr/bx/it on input line 37.
LaTeX Font Info:    Overwriting math alphabet `\mathtt' in version `bold'
(Font)                  OT1/cmtt/m/n --> OT1/lmtt/m/n on input line 38.
) (C:\Users\mason\AppData\Local\Programs\MiKTeX\tex/generic/iftex\iftex.sty
Package: iftex 2020/03/06 v1.0d TeX engine tests
) (C:\Users\mason\AppData\Local\Programs\MiKTeX\tex/latex/base\fontenc.sty
Package: fontenc 2020/02/11 v2.0o Standard LaTeX package
LaTeX Font Info:    Trying to load font information for T1+lmr on input line 11
2.
(C:\Users\mason\AppData\Local\Programs\MiKTeX\tex/latex/lm\t1lmr.fd
File: t1lmr.fd 2009/10/30 v1.6 Font defs for Latin Modern
)) (C:\Users\mason\AppData\Local\Programs\MiKTeX\tex/latex/base\inputenc.sty
Package: inputenc 2018/08/11 v1.3c Input encoding file
\inpenc@prehook=\toks20
\inpenc@posthook=\toks21
) (C:\Users\mason\AppData\Local\Programs\MiKTeX\tex/latex/base\textcomp.sty
Package: textcomp 2020/02/02 v2.0n Standard LaTeX package
) (C:\Users\mason\AppData\Local\Programs\MiKTeX\tex/latex/upquote\upquote.sty
Package: upquote 2012/04/19 v1.3 upright-quote and grave-accent glyphs in verba
tim
)
(C:\Users\mason\AppData\Local\Programs\MiKTeX\tex/latex/microtype\microtype.sty
Package: microtype 2019/11/18 v2.7d Micro-typographical refinements (RS)
(C:\Users\mason\AppData\Local\Programs\MiKTeX\tex/latex/graphics\keyval.sty
Package: keyval 2014/10/28 v1.15 key=value parser (DPC)
\KV@toks@=\toks22
)
\MT@toks=\toks23
\MT@count=\count187
LaTeX Info: Redefining \textls on input line 790.
\MT@outer@kern=\dimen144
LaTeX Info: Redefining \textmicrotypecontext on input line 1354.
\MT@listname@count=\count188

(C:\Users\mason\AppData\Local\Programs\MiKTeX\tex/latex/microtype\microtype-pdf
tex.def
File: microtype-pdftex.def 2019/11/18 v2.7d Definitions specific to pdftex (RS)

LaTeX Info: Redefining \lsstyle on input line 914.
LaTeX Info: Redefining \lslig on input line 914.
\MT@outer@space=\skip52
)
Package microtype Info: Loading configuration file microtype.cfg.

(C:\Users\mason\AppData\Local\Programs\MiKTeX\tex/latex/microtype\microtype.cfg
File: microtype.cfg 2019/11/18 v2.7d microtype main configuration file (RS)
)) (C:\Users\mason\AppData\Local\Programs\MiKTeX\tex/latex/parskip\parskip.sty
Package: parskip 2021-03-14 v2.0h non-zero parskip adjustments

(C:\Users\mason\AppData\Local\Programs\MiKTeX\tex/latex/kvoptions\kvoptions.sty
Package: kvoptions 2020-10-07 v3.14 Key value format for package options (HO)
(C:\Users\mason\AppData\Local\Programs\MiKTeX\tex/generic/ltxcmds\ltxcmds.sty
Package: ltxcmds 2020-05-10 v1.25 LaTeX kernel commands for general use (HO)
)
(C:\Users\mason\AppData\Local\Programs\MiKTeX\tex/generic/kvsetkeys\kvsetkeys.s
ty
Package: kvsetkeys 2019/12/15 v1.18 Key value parser (HO)
)) (C:\Users\mason\AppData\Local\Programs\MiKTeX\tex/latex/etoolbox\etoolbox.st
y
Package: etoolbox 2019/09/21 v2.5h e-TeX tools for LaTeX (JAW)
\etb@tempcnta=\count189
)) (C:\Users\mason\AppData\Local\Programs\MiKTeX\tex/latex/xcolor\xcolor.sty
Package: xcolor 2016/05/11 v2.12 LaTeX color extensions (UK)
(C:\Users\mason\AppData\Local\Programs\MiKTeX\tex/latex/graphics-cfg\color.cfg
File: color.cfg 2016/01/02 v1.6 sample color configuration
)
Package xcolor Info: Driver file: pdftex.def on input line 225.

(C:\Users\mason\AppData\Local\Programs\MiKTeX\tex/latex/graphics-def\pdftex.def
File: pdftex.def 2018/01/08 v1.0l Graphics/color driver for pdftex
)
Package xcolor Info: Model `cmy' substituted by `cmy0' on input line 1348.
Package xcolor Info: Model `hsb' substituted by `rgb' on input line 1352.
Package xcolor Info: Model `RGB' extended on input line 1364.
Package xcolor Info: Model `HTML' substituted by `rgb' on input line 1366.
Package xcolor Info: Model `Hsb' substituted by `hsb' on input line 1367.
Package xcolor Info: Model `tHsb' substituted by `hsb' on input line 1368.
Package xcolor Info: Model `HSB' substituted by `hsb' on input line 1369.
Package xcolor Info: Model `Gray' substituted by `gray' on input line 1370.
Package xcolor Info: Model `wave' substituted by `hsb' on input line 1371.
) (C:\Users\mason\AppData\Local\Programs\MiKTeX\tex/latex/xurl\xurl.sty
Package: xurl 2020/12/30 v 0.09a modify URL breaks
(C:\Users\mason\AppData\Local\Programs\MiKTeX\tex/latex/url\url.sty
\Urlmuskip=\muskip17
Package: url 2013/09/16  ver 3.4  Verb mode for urls, etc.
)) (C:\Users\mason\AppData\Local\Programs\MiKTeX\tex/latex/bookmark\bookmark.st
y
Package: bookmark 2020-11-06 v1.29 PDF bookmarks (HO)
(C:\Users\mason\AppData\Local\Programs\MiKTeX\tex/latex/hyperref\hyperref.sty
Package: hyperref 2020-05-15 v7.00e Hypertext links for LaTeX

(C:\Users\mason\AppData\Local\Programs\MiKTeX\tex/generic/pdftexcmds\pdftexcmds
.sty
Package: pdftexcmds 2020-06-27 v0.33 Utility functions of pdfTeX for LuaTeX (HO
)

(C:\Users\mason\AppData\Local\Programs\MiKTeX\tex/generic/infwarerr\infwarerr.s
ty
Package: infwarerr 2019/12/03 v1.5 Providing info/warning/error messages (HO)
)
Package pdftexcmds Info: \pdf@primitive is available.
Package pdftexcmds Info: \pdf@ifprimitive is available.
Package pdftexcmds Info: \pdfdraftmode found.
)
(C:\Users\mason\AppData\Local\Programs\MiKTeX\tex/generic/kvdefinekeys\kvdefine
keys.sty
Package: kvdefinekeys 2019-12-19 v1.6 Define keys (HO)
)
(C:\Users\mason\AppData\Local\Programs\MiKTeX\tex/generic/pdfescape\pdfescape.s
ty
Package: pdfescape 2019/12/09 v1.15 Implements pdfTeX's escape features (HO)
) (C:\Users\mason\AppData\Local\Programs\MiKTeX\tex/latex/hycolor\hycolor.sty
Package: hycolor 2020-01-27 v1.10 Color options for hyperref/bookmark (HO)
)
(C:\Users\mason\AppData\Local\Programs\MiKTeX\tex/latex/letltxmacro\letltxmacro
.sty
Package: letltxmacro 2019/12/03 v1.6 Let assignment for LaTeX macros (HO)
) (C:\Users\mason\AppData\Local\Programs\MiKTeX\tex/latex/auxhook\auxhook.sty
Package: auxhook 2019-12-17 v1.6 Hooks for auxiliary files (HO)
)
\@linkdim=\dimen145
\Hy@linkcounter=\count190
\Hy@pagecounter=\count191
(C:\Users\mason\AppData\Local\Programs\MiKTeX\tex/latex/hyperref\pd1enc.def
File: pd1enc.def 2020-05-15 v7.00e Hyperref: PDFDocEncoding definition (HO)
Now handling font encoding PD1 ...
... no UTF-8 mapping file for font encoding PD1
) (C:\Users\mason\AppData\Local\Programs\MiKTeX\tex/generic/intcalc\intcalc.sty
Package: intcalc 2019/12/15 v1.3 Expandable calculations with integers (HO)
)
(C:\Users\mason\AppData\Local\Programs\MiKTeX\tex/generic/etexcmds\etexcmds.sty
Package: etexcmds 2019/12/15 v1.7 Avoid name clashes with e-TeX commands (HO)
)
\Hy@SavedSpaceFactor=\count192
Package hyperref Info: Option `unicode' set `true' on input line 4338.
(C:\Users\mason\AppData\Local\Programs\MiKTeX\tex/latex/hyperref\puenc.def
File: puenc.def 2020-05-15 v7.00e Hyperref: PDF Unicode definition (HO)
Now handling font encoding PU ...
... no UTF-8 mapping file for font encoding PU
)
Package hyperref Info: Hyper figures OFF on input line 4464.
Package hyperref Info: Link nesting OFF on input line 4469.
Package hyperref Info: Hyper index ON on input line 4472.
Package hyperref Info: Plain pages OFF on input line 4479.
Package hyperref Info: Backreferencing OFF on input line 4484.
Package hyperref Info: Implicit mode ON; LaTeX internals redefined.
Package hyperref Info: Bookmarks ON on input line 4717.
\c@Hy@tempcnt=\count193
LaTeX Info: Redefining \url on input line 5076.
\XeTeXLinkMargin=\dimen146
(C:\Users\mason\AppData\Local\Programs\MiKTeX\tex/generic/bitset\bitset.sty
Package: bitset 2019/12/09 v1.3 Handle bit-vector datatype (HO)

(C:\Users\mason\AppData\Local\Programs\MiKTeX\tex/generic/bigintcalc\bigintcalc
.sty
Package: bigintcalc 2019/12/15 v1.5 Expandable calculations on big integers (HO
)
))
\Fld@menulength=\count194
\Field@Width=\dimen147
\Fld@charsize=\dimen148
Package hyperref Info: Hyper figures OFF on input line 6347.
Package hyperref Info: Link nesting OFF on input line 6352.
Package hyperref Info: Hyper index ON on input line 6355.
Package hyperref Info: backreferencing OFF on input line 6362.
Package hyperref Info: Link coloring OFF on input line 6367.
Package hyperref Info: Link coloring with OCG OFF on input line 6372.
Package hyperref Info: PDF/A mode OFF on input line 6377.
LaTeX Info: Redefining \ref on input line 6417.
LaTeX Info: Redefining \pageref on input line 6421.

(C:\Users\mason\AppData\Local\Programs\MiKTeX\tex/generic/atbegshi\atbegshi.sty
Package: atbegshi 2019/12/05 v1.19 At begin shipout hook (HO)
)
\Hy@abspage=\count195
\c@Item=\count196
\c@Hfootnote=\count197
)
Package hyperref Info: Driver (autodetected): hpdftex.
(C:\Users\mason\AppData\Local\Programs\MiKTeX\tex/latex/hyperref\hpdftex.def
File: hpdftex.def 2020-05-15 v7.00e Hyperref driver for pdfTeX

(C:\Users\mason\AppData\Local\Programs\MiKTeX\tex/latex/atveryend\atveryend.sty
Package: atveryend 2019-12-11 v1.11 Hooks at the very end of document (HO)
)
\Fld@listcount=\count198
\c@bookmark@seq@number=\count199

(C:\Users\mason\AppData\Local\Programs\MiKTeX\tex/latex/rerunfilecheck\rerunfil
echeck.sty
Package: rerunfilecheck 2019/12/05 v1.9 Rerun checks for auxiliary files (HO)

(C:\Users\mason\AppData\Local\Programs\MiKTeX\tex/generic/uniquecounter\uniquec
ounter.sty
Package: uniquecounter 2019/12/15 v1.4 Provide unlimited unique counter (HO)
)
Package uniquecounter Info: New unique counter `rerunfilecheck' on input line 2
86.
)
\Hy@SectionHShift=\skip53
)
(C:\Users\mason\AppData\Local\Programs\MiKTeX\tex/latex/bookmark\bkm-pdftex-201
9-12-03.def
File: bkm-pdftex.def 2019/12/03 v1.28 bookmark driver for pdfTeX (HO)
\BKM@id=\count266
)) (C:\Users\mason\AppData\Local\Programs\MiKTeX\tex/latex/geometry\geometry.st
y
Package: geometry 2020/01/02 v5.9 Page Geometry
(C:\Users\mason\AppData\Local\Programs\MiKTeX\tex/generic/iftex\ifvtex.sty
Package: ifvtex 2019/10/25 v1.7 ifvtex legacy package. Use iftex instead.
)
\Gm@cnth=\count267
\Gm@cntv=\count268
\c@Gm@tempcnt=\count269
\Gm@bindingoffset=\dimen149
\Gm@wd@mp=\dimen150
\Gm@odd@mp=\dimen151
\Gm@even@mp=\dimen152
\Gm@layoutwidth=\dimen153
\Gm@layoutheight=\dimen154
\Gm@layouthoffset=\dimen155
\Gm@layoutvoffset=\dimen156
\Gm@dimlist=\toks24
(C:\Users\mason\AppData\Local\Programs\MiKTeX\tex/latex/geometry\geometry.cfg))
(C:\Users\mason\AppData\Local\Programs\MiKTeX\tex/latex/graphics\graphicx.sty
Package: graphicx 2019/11/30 v1.2a Enhanced LaTeX Graphics (DPC,SPQR)
(C:\Users\mason\AppData\Local\Programs\MiKTeX\tex/latex/graphics\graphics.sty
Package: graphics 2019/11/30 v1.4a Standard LaTeX Graphics (DPC,SPQR)
(C:\Users\mason\AppData\Local\Programs\MiKTeX\tex/latex/graphics\trig.sty
Package: trig 2016/01/03 v1.10 sin cos tan (DPC)
)
(C:\Users\mason\AppData\Local\Programs\MiKTeX\tex/latex/graphics-cfg\graphics.c
fg
File: graphics.cfg 2016/06/04 v1.11 sample graphics configuration
)
Package graphics Info: Driver file: pdftex.def on input line 105.
)
\Gin@req@height=\dimen157
\Gin@req@width=\dimen158
) (C:\Users\mason\AppData\Local\Programs\MiKTeX\tex/latex/titling\titling.sty
Package: titling 2009/09/04 v2.1d maketitle typesetting
\thanksmarkwidth=\skip54
\thanksmargin=\skip55
\droptitle=\skip56
) (C:\Users\mason\AppData\Local\Programs\MiKTeX\tex/latex/tools\indentfirst.sty
Package: indentfirst 1995/11/23 v1.03 Indent first paragraph (DPC)
) (C:\Users\mason\AppData\Local\Programs\MiKTeX\tex/latex/caption\caption.sty
Package: caption 2020/10/26 v3.5g Customizing captions (AR)
(C:\Users\mason\AppData\Local\Programs\MiKTeX\tex/latex/caption\caption3.sty
Package: caption3 2020/10/21 v2.2e caption3 kernel (AR)
\captionmargin=\dimen159
\captionmargin@=\dimen160
\captionwidth=\dimen161
\caption@tempdima=\dimen162
\caption@indent=\dimen163
\caption@parindent=\dimen164
\caption@hangindent=\dimen165
Package caption Info: Standard document class detected.
)
\c@caption@flags=\count270
\c@continuedfloat=\count271
Package caption Info: hyperref package is loaded.
) (C:\Users\mason\AppData\Local\Programs\MiKTeX\tex/latex/tools\bm.sty
Package: bm 2019/07/24 v1.2d Bold Symbol Support (DPC/FMi)
\symboldoperators=\mathgroup6
\symboldletters=\mathgroup7
\symboldsymbols=\mathgroup8
LaTeX Font Info:    Redeclaring math alphabet \mathbf on input line 141.
LaTeX Info: Redefining \bm on input line 209.
) (C:\Users\mason\AppData\Local\Programs\MiKTeX\tex/latex/booktabs\booktabs.sty
Package: booktabs 2020/01/12 v1.61803398 Publication quality tables
\heavyrulewidth=\dimen166
\lightrulewidth=\dimen167
\cmidrulewidth=\dimen168
\belowrulesep=\dimen169
\belowbottomsep=\dimen170
\aboverulesep=\dimen171
\abovetopsep=\dimen172
\cmidrulesep=\dimen173
\cmidrulekern=\dimen174
\defaultaddspace=\dimen175
\@cmidla=\count272
\@cmidlb=\count273
\@aboverulesep=\dimen176
\@belowrulesep=\dimen177
\@thisruleclass=\count274
\@lastruleclass=\count275
\@thisrulewidth=\dimen178
) (C:\Users\mason\AppData\Local\Programs\MiKTeX\tex/latex/tools\longtable.sty
Package: longtable 2020/01/07 v4.13 Multi-page Table package (DPC)
\LTleft=\skip57
\LTright=\skip58
\LTpre=\skip59
\LTpost=\skip60
\LTchunksize=\count276
\LTcapwidth=\dimen179
\LT@head=\box47
\LT@firsthead=\box48
\LT@foot=\box49
\LT@lastfoot=\box50
\LT@cols=\count277
\LT@rows=\count278
\c@LT@tables=\count279
\c@LT@chunks=\count280
\LT@p@ftn=\toks25
) (C:\Users\mason\AppData\Local\Programs\MiKTeX\tex/latex/tools\array.sty
Package: array 2019/08/31 v2.4l Tabular extension package (FMi)
\col@sep=\dimen180
\ar@mcellbox=\box51
\extrarowheight=\dimen181
\NC@list=\toks26
\extratabsurround=\skip61
\backup@length=\skip62
\ar@cellbox=\box52
) (C:\Users\mason\AppData\Local\Programs\MiKTeX\tex/latex/multirow\multirow.sty
Package: multirow 2021/03/15 v2.8 Span multiple rows of a table
\multirow@colwidth=\skip63
\multirow@cntb=\count281
\multirow@dima=\skip64
\bigstrutjot=\dimen182
) (C:\Users\mason\AppData\Local\Programs\MiKTeX\tex/latex/wrapfig\wrapfig.sty
\wrapoverhang=\dimen183
\WF@size=\dimen184
\c@WF@wrappedlines=\count282
\WF@box=\box53
\WF@everypar=\toks27
Package: wrapfig 2003/01/31  v 3.6
) (C:\Users\mason\AppData\Local\Programs\MiKTeX\tex/latex/float\float.sty
Package: float 2001/11/08 v1.3d Float enhancements (AL)
\c@float@type=\count283
\float@exts=\toks28
\float@box=\box54
\@float@everytoks=\toks29
\@floatcapt=\box55
) (C:\Users\mason\AppData\Local\Programs\MiKTeX\tex/latex/colortbl\colortbl.sty
Package: colortbl 2020/01/04 v1.0e Color table columns (DPC)
\everycr=\toks30
\minrowclearance=\skip65
)
(C:\Users\mason\AppData\Local\Programs\MiKTeX\tex/latex/pdflscape\pdflscape.sty
Package: pdflscape 2019/12/05 v0.12 Display of landscape pages in PDF (HO)
(C:\Users\mason\AppData\Local\Programs\MiKTeX\tex/latex/graphics\lscape.sty
Package: lscape 2000/10/22 v3.01 Landscape Pages (DPC)
)
Package pdflscape Info: Auto-detected driver: pdftex on input line 81.
) (C:\Users\mason\AppData\Local\Programs\MiKTeX\tex/latex/tabu\tabu.sty
Package: tabu 2019/01/11 v2.9 - flexible LaTeX tabulars (FC+tabu-fixed)
(C:\Users\mason\AppData\Local\Programs\MiKTeX\tex/latex/varwidth\varwidth.sty
Package: varwidth 2009/03/30 ver 0.92;  Variable-width minipages
\@vwid@box=\box56
\sift@deathcycles=\count284
\@vwid@loff=\dimen185
\@vwid@roff=\dimen186
)
\c@taburow=\count285
\tabu@nbcols=\count286
\tabu@cnt=\count287
\tabu@Xcol=\count288
\tabu@alloc=\count289
\tabu@nested=\count290
\tabu@target=\dimen187
\tabu@spreadtarget=\dimen188
\tabu@naturalX=\dimen189
\tabucolX=\dimen190
\tabu@Xsum=\dimen191
\extrarowdepth=\dimen192
\abovetabulinesep=\dimen193
\belowtabulinesep=\dimen194
\tabustrutrule=\dimen195
\tabu@thebody=\toks31
\tabu@footnotes=\toks32
\tabu@box=\box57
\tabu@arstrutbox=\box58
\tabu@hleads=\box59
\tabu@vleads=\box60
\tabu@cellskip=\skip66
)
(C:\Users\mason\AppData\Local\Programs\MiKTeX\tex/latex/threeparttable\threepar
ttable.sty
Package: threeparttable 2003/06/13  v 3.0
\@tempboxb=\box61
)
(C:\Users\mason\AppData\Local\Programs\MiKTeX\tex/latex/threeparttablex\threepa
rttablex.sty
Package: threeparttablex 2013/07/23 v0.3 by daleif
(C:\Users\mason\AppData\Local\Programs\MiKTeX\tex/latex/environ\environ.sty
Package: environ 2014/05/04 v0.3 A new way to define environments

(C:\Users\mason\AppData\Local\Programs\MiKTeX\tex/latex/trimspaces\trimspaces.s
ty
Package: trimspaces 2009/09/17 v1.1 Trim spaces around a token list
))
\TPTL@width=\skip67
) (C:\Users\mason\AppData\Local\Programs\MiKTeX\tex/latex/ulem\ulem.sty
\UL@box=\box62
\UL@hyphenbox=\box63
\UL@skip=\skip68
\UL@hook=\toks33
\UL@height=\dimen196
\UL@pe=\count291
\UL@pixel=\dimen197
\ULC@box=\box64
Package: ulem 2019/11/18
\ULdepth=\dimen198
) (C:\Users\mason\AppData\Local\Programs\MiKTeX\tex/latex/makecell\makecell.sty
Package: makecell 2009/08/03 V0.1e Managing of Tab Column Heads and Cells
\rotheadsize=\dimen199
\c@nlinenum=\count292
\TeXr@lab=\toks34
)
(C:\Users\mason\AppData\Local\Programs\MiKTeX\tex/latex/l3backend\l3backend-pdf
mode.def
File: l3backend-pdfmode.def 2020-06-29 L3 backend support: PDF mode
\l__kernel_color_stack_int=\count293
\l__pdf_internal_box=\box65
) (longshot.aux

LaTeX Warning: Label `tab:read_alpha' multiply defined.


LaTeX Warning: Label `tab:read_alpha' multiply defined.


LaTeX Warning: Label `tab:read_beta' multiply defined.


LaTeX Warning: Label `tab:read_beta' multiply defined.

)
\openout1 = `longshot.aux'.

LaTeX Font Info:    Checking defaults for OML/cmm/m/it on input line 93.
LaTeX Font Info:    ... okay on input line 93.
LaTeX Font Info:    Checking defaults for OMS/cmsy/m/n on input line 93.
LaTeX Font Info:    ... okay on input line 93.
LaTeX Font Info:    Checking defaults for OT1/cmr/m/n on input line 93.
LaTeX Font Info:    ... okay on input line 93.
LaTeX Font Info:    Checking defaults for T1/cmr/m/n on input line 93.
LaTeX Font Info:    ... okay on input line 93.
LaTeX Font Info:    Checking defaults for TS1/cmr/m/n on input line 93.
LaTeX Font Info:    ... okay on input line 93.
LaTeX Font Info:    Checking defaults for OMX/cmex/m/n on input line 93.
LaTeX Font Info:    ... okay on input line 93.
LaTeX Font Info:    Checking defaults for U/cmr/m/n on input line 93.
LaTeX Font Info:    ... okay on input line 93.
LaTeX Font Info:    Checking defaults for PD1/pdf/m/n on input line 93.
LaTeX Font Info:    ... okay on input line 93.
LaTeX Font Info:    Checking defaults for PU/pdf/m/n on input line 93.
LaTeX Font Info:    ... okay on input line 93.
LaTeX Info: Redefining \microtypecontext on input line 93.
Package microtype Info: Generating PDF output.
Package microtype Info: Character protrusion enabled (level 2).
Package microtype Info: Using protrusion set `basicmath'.
Package microtype Info: Automatic font expansion enabled (level 2),
(microtype)             stretch: 20, shrink: 20, step: 1, non-selected.
Package microtype Info: Using default expansion set `basictext'.
LaTeX Info: Redefining \showhyphens on input line 93.
Package microtype Info: No adjustment of tracking.
Package microtype Info: No adjustment of interword spacing.
Package microtype Info: No adjustment of character kerning.
(C:\Users\mason\AppData\Local\Programs\MiKTeX\tex/latex/microtype\mt-cmr.cfg
File: mt-cmr.cfg 2013/05/19 v2.2 microtype config. file: Computer Modern Roman 
(RS)
)
(C:\Users\mason\AppData\Local\Programs\MiKTeX\tex/context/base/mkii\supp-pdf.mk
ii
[Loading MPS to PDF converter (version 2006.09.02).]
\scratchcounter=\count294
\scratchdimen=\dimen256
\scratchbox=\box66
\nofMPsegments=\count295
\nofMParguments=\count296
\everyMPshowfont=\toks35
\MPscratchCnt=\count297
\MPscratchDim=\dimen257
\MPnumerator=\count298
\makeMPintoPDFobject=\count299
\everyMPtoPDFconversion=\toks36
)
(C:\Users\mason\AppData\Local\Programs\MiKTeX\tex/latex/epstopdf-pkg\epstopdf-b
ase.sty
Package: epstopdf-base 2020-01-24 v2.11 Base part for package epstopdf
Package epstopdf-base Info: Redefining graphics rule for `.eps' on input line 4
85.
)
\AtBeginShipoutBox=\box67
Package hyperref Info: Link coloring OFF on input line 93.
(C:\Users\mason\AppData\Local\Programs\MiKTeX\tex/latex/hyperref\nameref.sty
Package: nameref 2019/09/16 v2.46 Cross-referencing by name of section
(C:\Users\mason\AppData\Local\Programs\MiKTeX\tex/latex/refcount\refcount.sty
Package: refcount 2019/12/15 v3.6 Data extraction from label references (HO)
)
(C:\Users\mason\AppData\Local\Programs\MiKTeX\tex/generic/gettitlestring\gettit
lestring.sty
Package: gettitlestring 2019/12/15 v1.6 Cleanup title references (HO)
)
\c@section@level=\count300
)
LaTeX Info: Redefining \ref on input line 93.
LaTeX Info: Redefining \pageref on input line 93.
LaTeX Info: Redefining \nameref on input line 93.
*geometry* driver: auto-detecting
*geometry* detected driver: pdftex
*geometry* verbose mode - [ preamble ] result:
* driver: pdftex
* paper: <default>
* layout: <same size as paper>
* layoutoffset:(h,v)=(0.0pt,0.0pt)
* modes: 
* h-part:(L,W,R)=(72.26999pt, 469.75502pt, 72.26999pt)
* v-part:(T,H,B)=(72.26999pt, 650.43001pt, 72.26999pt)
* \paperwidth=614.295pt
* \paperheight=794.96999pt
* \textwidth=469.75502pt
* \textheight=650.43001pt
* \oddsidemargin=0.0pt
* \evensidemargin=0.0pt
* \topmargin=-37.0pt
* \headheight=12.0pt
* \headsep=25.0pt
* \topskip=10.0pt
* \footskip=30.0pt
* \marginparwidth=65.0pt
* \marginparsep=11.0pt
* \columnsep=10.0pt
* \skip\footins=9.0pt plus 4.0pt minus 2.0pt
* \hoffset=0.0pt
* \voffset=0.0pt
* \mag=1000
* \@twocolumnfalse
* \@twosidefalse
* \@mparswitchfalse
* \@reversemarginfalse
* (1in=72.27pt=25.4mm, 1cm=28.453pt)

Package caption Info: Begin \AtBeginDocument code.
Package caption Info: float package is loaded.
Package caption Info: longtable package is loaded.
(C:\Users\mason\AppData\Local\Programs\MiKTeX\tex/latex/caption\ltcaption.sty
Package: ltcaption 2020/05/30 v1.4b longtable captions (AR)
)
Package caption Info: threeparttable package is loaded.
Package caption Info: wrapfig package is loaded.
Package caption Info: End \AtBeginDocument code.
<science_logo.png, id=3, 144.54pt x 65.49469pt>
File: science_logo.png Graphic file (type png)
<use science_logo.png>
Package pdftex.def Info: science_logo.png  used on input line 94.
(pdftex.def)             Requested size: 144.54404pt x 65.49649pt.
LaTeX Font Info:    Trying to load font information for OT1+lmr on input line 9
4.
(C:\Users\mason\AppData\Local\Programs\MiKTeX\tex/latex/lm\ot1lmr.fd
File: ot1lmr.fd 2009/10/30 v1.6 Font defs for Latin Modern
)
LaTeX Font Info:    Trying to load font information for OML+lmm on input line 9
4.
(C:\Users\mason\AppData\Local\Programs\MiKTeX\tex/latex/lm\omllmm.fd
File: omllmm.fd 2009/10/30 v1.6 Font defs for Latin Modern
)
LaTeX Font Info:    Trying to load font information for OMS+lmsy on input line 
94.
(C:\Users\mason\AppData\Local\Programs\MiKTeX\tex/latex/lm\omslmsy.fd
File: omslmsy.fd 2009/10/30 v1.6 Font defs for Latin Modern
)
LaTeX Font Info:    Trying to load font information for OMX+lmex on input line 
94.
(C:\Users\mason\AppData\Local\Programs\MiKTeX\tex/latex/lm\omxlmex.fd
File: omxlmex.fd 2009/10/30 v1.6 Font defs for Latin Modern
)
LaTeX Font Info:    External font `lmex10' loaded for size
(Font)              <12> on input line 94.
LaTeX Font Info:    External font `lmex10' loaded for size
(Font)              <8> on input line 94.
LaTeX Font Info:    External font `lmex10' loaded for size
(Font)              <6> on input line 94.
LaTeX Font Info:    Trying to load font information for U+msa on input line 94.

(C:\Users\mason\AppData\Local\Programs\MiKTeX\tex/latex/amsfonts\umsa.fd
File: umsa.fd 2013/01/14 v3.01 AMS symbols A
) (C:\Users\mason\AppData\Local\Programs\MiKTeX\tex/latex/microtype\mt-msa.cfg
File: mt-msa.cfg 2006/02/04 v1.1 microtype config. file: AMS symbols (a) (RS)
)
LaTeX Font Info:    Trying to load font information for U+msb on input line 94.

(C:\Users\mason\AppData\Local\Programs\MiKTeX\tex/latex/amsfonts\umsb.fd
File: umsb.fd 2013/01/14 v3.01 AMS symbols B
) (C:\Users\mason\AppData\Local\Programs\MiKTeX\tex/latex/microtype\mt-msb.cfg
File: mt-msb.cfg 2005/06/01 v1.0 microtype config. file: AMS symbols (b) (RS)
) [1

{C:/Users/mason/AppData/Local/MiKTeX/pdftex/config/pdftex.map} <./science_logo.
png>] [2] [3] [4] [5] [6] [7] [8] [9] [10]
LaTeX Font Info:    External font `lmex10' loaded for size
(Font)              <10> on input line 724.
LaTeX Font Info:    External font `lmex10' loaded for size
(Font)              <7> on input line 724.
LaTeX Font Info:    External font `lmex10' loaded for size
(Font)              <5> on input line 724.
[11] [12pdfTeX warning (ext4): destination with the same identifier (name{equat
ion.0.1}) has been already used, duplicate ignored

\AtBegShi@Output ...ipout \box \AtBeginShipoutBox 
                                                  \fi \fi 
l.887   T
         he mean expected species richness at each site across all samplingpdfT
eX warning (ext4): destination with the same identifier (name{equation.0.1}) ha
s been already used, duplicate ignored

\AtBegShi@Output ...ipout \box \AtBeginShipoutBox 
                                                  \fi \fi 
l.887   T
         he mean expected species richness at each site across all sampling]
LaTeX Font Info:    Trying to load font information for T1+lmtt on input line 9
43.
(C:\Users\mason\AppData\Local\Programs\MiKTeX\tex/latex/lm\t1lmtt.fd
File: t1lmtt.fd 2009/10/30 v1.6 Font defs for Latin Modern
) [13]pdfTeX warning (ext4): destination with the same identifier (name{equatio
n.0.2}) has been already used, duplicate ignored
<to be read again> 
                   \relax 
l.993 \begin{equation}
                      pdfTeX warning (ext4): destination with the same identifi
er (name{equation.0.2}) has been already used, duplicate ignored
<to be read again> 
                   \relax 
l.993 \begin{equation}
                      pdfTeX warning (ext4): destination with the same identifi
er (name{equation.0.2}) has been already used, duplicate ignored
<to be read again> 
                   \relax 
l.993 \begin{equation}
                      pdfTeX warning (ext4): destination with the same identifi
er (name{equation.0.2}) has been already used, duplicate ignored
<to be read again> 
                   \relax 
l.993 \begin{equation}
                       [14] [15] [16] [17] [18] [19]
Overfull \hbox (34.31458pt too wide) in alignment at lines 1426--1452
 [] [] [] [] 
 []


Overfull \hbox (34.31458pt too wide) in alignment at lines 1452--1459
 [] [] [] [] 
 []

<../plots/gentrification_supp_map.png, id=156, 610.1997pt x 384.4764pt>
File: ../plots/gentrification_supp_map.png Graphic file (type png)
<use ../plots/gentrification_supp_map.png>
Package pdftex.def Info: ../plots/gentrification_supp_map.png  used on input li
ne 1465.
(pdftex.def)             Requested size: 455.66545pt x 287.10698pt.
[20]
<../supp_plots/supp_1/ahga.pdf, id=163, 867.24pt x 722.7pt>
File: ../supp_plots/supp_1/ahga.pdf Graphic file (type pdf)
<use ../supp_plots/supp_1/ahga.pdf>
Package pdftex.def Info: ../supp_plots/supp_1/ahga.pdf  used on input line 1472
.
(pdftex.def)             Requested size: 469.75827pt x 391.46521pt.

Overfull \hbox (24.00325pt too wide) in paragraph at lines 1472--1474
[][]
 []


Underfull \hbox (badness 10000) in paragraph at lines 1472--1474

 []

[21 <../plots/gentrification_supp_map.png>]
<../supp_plots/supp_1/baca.pdf, id=172, 867.24pt x 722.7pt>
File: ../supp_plots/supp_1/baca.pdf Graphic file (type pdf)
<use ../supp_plots/supp_1/baca.pdf>
Package pdftex.def Info: ../supp_plots/supp_1/baca.pdf  used on input line 1486
.
(pdftex.def)             Requested size: 469.75827pt x 391.46521pt.

Overfull \hbox (24.00325pt too wide) in paragraph at lines 1486--1488
[][]
 []


Underfull \hbox (badness 10000) in paragraph at lines 1486--1488

 []

[22 <../supp_plots/supp_1/ahga.pdf>]
<../supp_plots/supp_1/boma.pdf, id=187, 867.24pt x 722.7pt>
File: ../supp_plots/supp_1/boma.pdf Graphic file (type pdf)
<use ../supp_plots/supp_1/boma.pdf>
Package pdftex.def Info: ../supp_plots/supp_1/boma.pdf  used on input line 1500
.
(pdftex.def)             Requested size: 469.75827pt x 391.46521pt.

Overfull \hbox (24.00325pt too wide) in paragraph at lines 1500--1502
[][]
 []


Underfull \hbox (badness 10000) in paragraph at lines 1500--1502

 []

[23 <../supp_plots/supp_1/baca.pdf>]
<../supp_plots/supp_1/chil.pdf, id=201, 867.24pt x 722.7pt>
File: ../supp_plots/supp_1/chil.pdf Graphic file (type pdf)
<use ../supp_plots/supp_1/chil.pdf>
Package pdftex.def Info: ../supp_plots/supp_1/chil.pdf  used on input line 1514
.
(pdftex.def)             Requested size: 469.75827pt x 391.46521pt.

Overfull \hbox (24.00325pt too wide) in paragraph at lines 1514--1516
[][]
 []


Underfull \hbox (badness 10000) in paragraph at lines 1514--1516

 []

[24 <../supp_plots/supp_1/boma.pdf>]
<../supp_plots/supp_1/deco.pdf, id=215, 867.24pt x 722.7pt>
File: ../supp_plots/supp_1/deco.pdf Graphic file (type pdf)
<use ../supp_plots/supp_1/deco.pdf>
Package pdftex.def Info: ../supp_plots/supp_1/deco.pdf  used on input line 1528
.
(pdftex.def)             Requested size: 469.75827pt x 391.46521pt.

Overfull \hbox (24.00325pt too wide) in paragraph at lines 1528--1530
[][]
 []


Underfull \hbox (badness 10000) in paragraph at lines 1528--1530

 []

[25 <../supp_plots/supp_1/chil.pdf>]
<../supp_plots/supp_1/hote.pdf, id=230, 867.24pt x 722.7pt>
File: ../supp_plots/supp_1/hote.pdf Graphic file (type pdf)
<use ../supp_plots/supp_1/hote.pdf>
Package pdftex.def Info: ../supp_plots/supp_1/hote.pdf  used on input line 1542
.
(pdftex.def)             Requested size: 469.75827pt x 391.46521pt.

Overfull \hbox (24.00325pt too wide) in paragraph at lines 1542--1544
[][]
 []


Underfull \hbox (badness 10000) in paragraph at lines 1542--1544

 []

[26 <../supp_plots/supp_1/deco.pdf>]
<../supp_plots/supp_1/inin.pdf, id=244, 867.24pt x 722.7pt>
File: ../supp_plots/supp_1/inin.pdf Graphic file (type pdf)
<use ../supp_plots/supp_1/inin.pdf>
Package pdftex.def Info: ../supp_plots/supp_1/inin.pdf  used on input line 1556
.
(pdftex.def)             Requested size: 469.75827pt x 391.46521pt.

Overfull \hbox (24.00325pt too wide) in paragraph at lines 1556--1558
[][]
 []


Underfull \hbox (badness 10000) in paragraph at lines 1556--1558

 []

[27 <../supp_plots/supp_1/hote.pdf>]
<../supp_plots/supp_1/ioio.pdf, id=258, 867.24pt x 722.7pt>
File: ../supp_plots/supp_1/ioio.pdf Graphic file (type pdf)
<use ../supp_plots/supp_1/ioio.pdf>
Package pdftex.def Info: ../supp_plots/supp_1/ioio.pdf  used on input line 1570
.
(pdftex.def)             Requested size: 469.75827pt x 391.46521pt.

Overfull \hbox (24.00325pt too wide) in paragraph at lines 1570--1572
[][]
 []


Underfull \hbox (badness 10000) in paragraph at lines 1570--1572

 []

[28 <../supp_plots/supp_1/inin.pdf>]
<../supp_plots/supp_1/jams.pdf, id=272, 867.24pt x 722.7pt>
File: ../supp_plots/supp_1/jams.pdf Graphic file (type pdf)
<use ../supp_plots/supp_1/jams.pdf>
Package pdftex.def Info: ../supp_plots/supp_1/jams.pdf  used on input line 1584
.
(pdftex.def)             Requested size: 469.75827pt x 391.46521pt.

Overfull \hbox (24.00325pt too wide) in paragraph at lines 1584--1586
[][]
 []


Underfull \hbox (badness 10000) in paragraph at lines 1584--1586

 []

[29 <../supp_plots/supp_1/ioio.pdf>]
<../supp_plots/supp_1/lrar.pdf, id=286, 867.24pt x 722.7pt>
File: ../supp_plots/supp_1/lrar.pdf Graphic file (type pdf)
<use ../supp_plots/supp_1/lrar.pdf>
Package pdftex.def Info: ../supp_plots/supp_1/lrar.pdf  used on input line 1598
.
(pdftex.def)             Requested size: 469.75827pt x 391.46521pt.

Overfull \hbox (24.00325pt too wide) in paragraph at lines 1598--1600
[][]
 []


Underfull \hbox (badness 10000) in paragraph at lines 1598--1600

 []

[30 <../supp_plots/supp_1/jams.pdf>]
<../supp_plots/supp_1/mawi.pdf, id=300, 867.24pt x 722.7pt>
File: ../supp_plots/supp_1/mawi.pdf Graphic file (type pdf)
<use ../supp_plots/supp_1/mawi.pdf>
Package pdftex.def Info: ../supp_plots/supp_1/mawi.pdf  used on input line 1612
.
(pdftex.def)             Requested size: 469.75827pt x 391.46521pt.

Overfull \hbox (24.00325pt too wide) in paragraph at lines 1612--1614
[][]
 []


Underfull \hbox (badness 10000) in paragraph at lines 1612--1614

 []

[31 <../supp_plots/supp_1/lrar.pdf>]
<../supp_plots/supp_1/mela.pdf, id=315, 867.24pt x 722.7pt>
File: ../supp_plots/supp_1/mela.pdf Graphic file (type pdf)
<use ../supp_plots/supp_1/mela.pdf>
Package pdftex.def Info: ../supp_plots/supp_1/mela.pdf  used on input line 1626
.
(pdftex.def)             Requested size: 469.75827pt x 391.46521pt.

Overfull \hbox (24.00325pt too wide) in paragraph at lines 1626--1628
[][]
 []


Underfull \hbox (badness 10000) in paragraph at lines 1626--1628

 []

[32 <../supp_plots/supp_1/mawi.pdf>]
<../supp_plots/supp_1/naca.pdf, id=329, 867.24pt x 722.7pt>
File: ../supp_plots/supp_1/naca.pdf Graphic file (type pdf)
<use ../supp_plots/supp_1/naca.pdf>
Package pdftex.def Info: ../supp_plots/supp_1/naca.pdf  used on input line 1640
.
(pdftex.def)             Requested size: 469.75827pt x 391.46521pt.

Overfull \hbox (24.00325pt too wide) in paragraph at lines 1640--1642
[][]
 []


Underfull \hbox (badness 10000) in paragraph at lines 1640--1642

 []

[33 <../supp_plots/supp_1/mela.pdf>]
<../supp_plots/supp_1/phaz.pdf, id=343, 867.24pt x 722.7pt>
File: ../supp_plots/supp_1/phaz.pdf Graphic file (type pdf)
<use ../supp_plots/supp_1/phaz.pdf>
Package pdftex.def Info: ../supp_plots/supp_1/phaz.pdf  used on input line 1654
.
(pdftex.def)             Requested size: 469.75827pt x 391.46521pt.

Overfull \hbox (24.00325pt too wide) in paragraph at lines 1654--1656
[][]
 []


Underfull \hbox (badness 10000) in paragraph at lines 1654--1656

 []

[34 <../supp_plots/supp_1/naca.pdf>]
<../supp_plots/supp_1/poor.pdf, id=357, 867.24pt x 722.7pt>
File: ../supp_plots/supp_1/poor.pdf Graphic file (type pdf)
<use ../supp_plots/supp_1/poor.pdf>
Package pdftex.def Info: ../supp_plots/supp_1/poor.pdf  used on input line 1668
.
(pdftex.def)             Requested size: 469.75827pt x 391.46521pt.

Overfull \hbox (24.00325pt too wide) in paragraph at lines 1668--1670
[][]
 []


Underfull \hbox (badness 10000) in paragraph at lines 1668--1670

 []

[35 <../supp_plots/supp_1/phaz.pdf>]
<../supp_plots/supp_1/rony.pdf, id=371, 867.24pt x 722.7pt>
File: ../supp_plots/supp_1/rony.pdf Graphic file (type pdf)
<use ../supp_plots/supp_1/rony.pdf>
Package pdftex.def Info: ../supp_plots/supp_1/rony.pdf  used on input line 1682
.
(pdftex.def)             Requested size: 469.75827pt x 391.46521pt.

Overfull \hbox (24.00325pt too wide) in paragraph at lines 1682--1684
[][]
 []


Underfull \hbox (badness 10000) in paragraph at lines 1682--1684

 []

[36 <../supp_plots/supp_1/poor.pdf>]
<../supp_plots/supp_1/safl.pdf, id=385, 867.24pt x 722.7pt>
File: ../supp_plots/supp_1/safl.pdf Graphic file (type pdf)
<use ../supp_plots/supp_1/safl.pdf>
Package pdftex.def Info: ../supp_plots/supp_1/safl.pdf  used on input line 1696
.
(pdftex.def)             Requested size: 469.75827pt x 391.46521pt.

Overfull \hbox (24.00325pt too wide) in paragraph at lines 1696--1698
[][]
 []


Underfull \hbox (badness 10000) in paragraph at lines 1696--1698

 []

[37 <../supp_plots/supp_1/rony.pdf>]
<../supp_plots/supp_1/scut.pdf, id=400, 867.24pt x 722.7pt>
File: ../supp_plots/supp_1/scut.pdf Graphic file (type pdf)
<use ../supp_plots/supp_1/scut.pdf>
Package pdftex.def Info: ../supp_plots/supp_1/scut.pdf  used on input line 1710
.
(pdftex.def)             Requested size: 469.75827pt x 391.46521pt.

Overfull \hbox (24.00325pt too wide) in paragraph at lines 1710--1712
[][]
 []


Underfull \hbox (badness 10000) in paragraph at lines 1710--1712

 []

[38 <../supp_plots/supp_1/safl.pdf>]
<../supp_plots/supp_1/sewa.pdf, id=414, 867.24pt x 722.7pt>
File: ../supp_plots/supp_1/sewa.pdf Graphic file (type pdf)
<use ../supp_plots/supp_1/sewa.pdf>
Package pdftex.def Info: ../supp_plots/supp_1/sewa.pdf  used on input line 1724
.
(pdftex.def)             Requested size: 469.75827pt x 391.46521pt.

Overfull \hbox (24.00325pt too wide) in paragraph at lines 1724--1726
[][]
 []


Underfull \hbox (badness 10000) in paragraph at lines 1724--1726

 []

[39 <../supp_plots/supp_1/scut.pdf>]
<../supp_plots/supp_1/slmo.pdf, id=428, 867.24pt x 722.7pt>
File: ../supp_plots/supp_1/slmo.pdf Graphic file (type pdf)
<use ../supp_plots/supp_1/slmo.pdf>
Package pdftex.def Info: ../supp_plots/supp_1/slmo.pdf  used on input line 1738
.
(pdftex.def)             Requested size: 469.75827pt x 391.46521pt.

Overfull \hbox (24.00325pt too wide) in paragraph at lines 1738--1740
[][]
 []


Underfull \hbox (badness 10000) in paragraph at lines 1738--1740

 []

[40 <../supp_plots/supp_1/sewa.pdf>]
<../supp_plots/supp_1/tawa.pdf, id=442, 867.24pt x 722.7pt>
File: ../supp_plots/supp_1/tawa.pdf Graphic file (type pdf)
<use ../supp_plots/supp_1/tawa.pdf>
Package pdftex.def Info: ../supp_plots/supp_1/tawa.pdf  used on input line 1752
.
(pdftex.def)             Requested size: 469.75827pt x 391.46521pt.

Overfull \hbox (24.00325pt too wide) in paragraph at lines 1752--1754
[][]
 []


Underfull \hbox (badness 10000) in paragraph at lines 1752--1754

 []

[41 <../supp_plots/supp_1/slmo.pdf>]
<../supp_plots/supp_1/uril.pdf, id=456, 867.24pt x 722.7pt>
File: ../supp_plots/supp_1/uril.pdf Graphic file (type pdf)
<use ../supp_plots/supp_1/uril.pdf>
Package pdftex.def Info: ../supp_plots/supp_1/uril.pdf  used on input line 1766
.
(pdftex.def)             Requested size: 469.75827pt x 391.46521pt.

Overfull \hbox (24.00325pt too wide) in paragraph at lines 1766--1768
[][]
 []


Underfull \hbox (badness 10000) in paragraph at lines 1766--1768

 []

[42 <../supp_plots/supp_1/tawa.pdf>]
<../supp_plots/supp_1/wide.pdf, id=470, 867.24pt x 722.7pt>
File: ../supp_plots/supp_1/wide.pdf Graphic file (type pdf)
<use ../supp_plots/supp_1/wide.pdf>
Package pdftex.def Info: ../supp_plots/supp_1/wide.pdf  used on input line 1780
.
(pdftex.def)             Requested size: 469.75827pt x 391.46521pt.

Overfull \hbox (24.00325pt too wide) in paragraph at lines 1780--1782
[][]
 []


Underfull \hbox (badness 10000) in paragraph at lines 1780--1782

 []

[43 <../supp_plots/supp_1/uril.pdf>] [44 <../supp_plots/supp_1/wide.pdf>] [45] 
[46] [47] [48] [49] [50]
Package atveryend Info: Empty hook `BeforeClearDocument' on input line 2206.
[51]
Package atveryend Info: Empty hook `AfterLastShipout' on input line 2206.
(longshot.aux)
Package atveryend Info: Executing hook `AtVeryEndDocument' on input line 2206.
Package atveryend Info: Empty hook `AtEndAfterFileList' on input line 2206.

LaTeX Warning: There were multiply-defined labels.

 ) 
Here is how much of TeX's memory you used:
 16178 strings out of 480790
 246845 string characters out of 2897300
 565877 words of memory out of 3000000
 31633 multiletter control sequences out of 15000+200000
 621654 words of font info for 140 fonts, out of 3000000 for 9000
 1141 hyphenation exceptions out of 8191
 44i,10n,43p,902b,447s stack positions out of 5000i,500n,10000p,200000b,50000s
{C:/Users/mason/AppData/Local/Programs/MiKTeX/fonts/enc/dvips/lm/lm-mathex.en
c}{C:/Users/mason/AppData/Local/Programs/MiKTeX/fonts/enc/dvips/lm/lm-ec.enc}{C
:/Users/mason/AppData/Local/Programs/MiKTeX/fonts/enc/dvips/lm/lm-mathit.enc}{C
:/Users/mason/AppData/Local/Programs/MiKTeX/fonts/enc/dvips/lm/lm-rm.enc}{C:/Us
ers/mason/AppData/Local/Programs/MiKTeX/fonts/enc/dvips/lm/lm-mathsy.enc}<C:/Us
ers/mason/AppData/Local/Programs/MiKTeX/fonts/type1/public/lm/lmbx10.pfb><C:/Us
ers/mason/AppData/Local/Programs/MiKTeX/fonts/type1/public/lm/lmbx12.pfb><C:/Us
ers/mason/AppData/Local/Programs/MiKTeX/fonts/type1/public/lm/lmbxi10.pfb><C:/U
sers/mason/AppData/Local/Programs/MiKTeX/fonts/type1/public/lm/lmex10.pfb><C:/U
sers/mason/AppData/Local/Programs/MiKTeX/fonts/type1/public/lm/lmmi10.pfb><C:/U
sers/mason/AppData/Local/Programs/MiKTeX/fonts/type1/public/lm/lmmi5.pfb><C:/Us
ers/mason/AppData/Local/Programs/MiKTeX/fonts/type1/public/lm/lmmi7.pfb><C:/Use
rs/mason/AppData/Local/Programs/MiKTeX/fonts/type1/public/lm/lmr10.pfb><C:/User
s/mason/AppData/Local/Programs/MiKTeX/fonts/type1/public/lm/lmr12.pfb><C:/Users
/mason/AppData/Local/Programs/MiKTeX/fonts/type1/public/lm/lmr17.pfb><C:/Users/
mason/AppData/Local/Programs/MiKTeX/fonts/type1/public/lm/lmr5.pfb><C:/Users/ma
son/AppData/Local/Programs/MiKTeX/fonts/type1/public/lm/lmr7.pfb><C:/Users/maso
n/AppData/Local/Programs/MiKTeX/fonts/type1/public/lm/lmri12.pfb><C:/Users/maso
n/AppData/Local/Programs/MiKTeX/fonts/type1/public/lm/lmsy10.pfb><C:/Users/maso
n/AppData/Local/Programs/MiKTeX/fonts/type1/public/lm/lmsy7.pfb><C:/Users/mason
/AppData/Local/Programs/MiKTeX/fonts/type1/public/lm/lmtt10.pfb>
Output written on longshot.pdf (51 pages, 2178208 bytes).
PDF statistics:
 673 PDF objects out of 1000 (max. 8388607)
 119 named destinations out of 1000 (max. 500000)
 12550 words of extra memory for PDF output out of 14400 (max. 10000000)

